Copyright 1986-2014 Xilinx, Inc. All Rights Reserved.
---------------------------------------------------------------------------------------------------------------------------
| Tool Version : Vivado v.2014.1 (win64) Build 881834 Fri Apr  4 14:15:54 MDT 2014
| Date         : Wed Feb 18 17:08:19 2015
| Host         : Kris-PC running 64-bit Service Pack 1  (build 7601)
| Command      : report_utilization -file design_1_wrapper_utilization_synth.rpt -pb design_1_wrapper_utilization_synth.pb
| Design       : design_1_wrapper
| Device       : xc7a100t
| Design State : Synthesized
---------------------------------------------------------------------------------------------------------------------------

Utilization Design Information

Table of Contents
-----------------
1. Slice Logic
2. Memory
3. DSP
4. IO and GT Specific
5. Clocking
6. Specific Feature
7. Primitives
8. Black Boxes
9. Instantiated Netlists

1. Slice Logic
--------------

+----------------------------+------+-------+-----------+-------+
|          Site Type         | Used | Loced | Available | Util% |
+----------------------------+------+-------+-----------+-------+
| Slice LUTs*                | 1764 |     0 |     63400 |  2.78 |
|   LUT as Logic             | 1598 |     0 |     63400 |  2.52 |
|   LUT as Memory            |  166 |     0 |     19000 |  0.87 |
|     LUT as Distributed RAM |   64 |     0 |           |       |
|     LUT as Shift Register  |  102 |     0 |           |       |
| Slice Registers            | 5627 |     0 |    126800 |  4.43 |
|   Register as Flip Flop    | 5627 |     0 |    126800 |  4.43 |
|   Register as Latch        |    0 |     0 |    126800 |  0.00 |
| F7 Muxes                   |  123 |     0 |     31700 |  0.38 |
| F8 Muxes                   |    2 |     0 |     15850 |  0.01 |
+----------------------------+------+-------+-----------+-------+
* Warning! The Final LUT count, after physical optimizations and full implementation, is typically lower. Run opt_design after synthesis, if not already completed, for a more realistic count.


2. Memory
---------

+-------------------+------+-------+-----------+-------+
|     Site Type     | Used | Loced | Available | Util% |
+-------------------+------+-------+-----------+-------+
| Block RAM Tile    |    3 |     0 |       135 |  2.22 |
|   RAMB36/FIFO*    |    3 |     0 |       135 |  2.22 |
|     RAMB36E1 only |    3 |       |           |       |
|   RAMB18          |    0 |     0 |       270 |  0.00 |
+-------------------+------+-------+-----------+-------+
* Note: Each Block RAM Tile only has one FIFO logic available and therefore can accommodate only one FIFO36E1 or one FIFO18E1. However, if a FIFO18E1 occupies a Block RAM Tile, that tile can still accommodate a RAMB18E1


3. DSP
------

+-----------+------+-------+-----------+-------+
| Site Type | Used | Loced | Available | Util% |
+-----------+------+-------+-----------+-------+
| DSPs      |    0 |     0 |       240 |  0.00 |
+-----------+------+-------+-----------+-------+


4. IO and GT Specific
---------------------

+-----------------------------+------+-------+-----------+-------+
|          Site Type          | Used | Loced | Available | Util% |
+-----------------------------+------+-------+-----------+-------+
| Bonded IOB                  |    3 |     0 |       210 |  1.42 |
| Bonded IPADs                |    0 |     0 |         2 |  0.00 |
| PHY_CONTROL                 |    0 |     0 |         6 |  0.00 |
| PHASER_REF                  |    0 |     0 |         6 |  0.00 |
| OUT_FIFO                    |    0 |     0 |        24 |  0.00 |
| IN_FIFO                     |    0 |     0 |        24 |  0.00 |
| IDELAYCTRL                  |    0 |     0 |         6 |  0.00 |
| IBUFGDS                     |    0 |     0 |       202 |  0.00 |
| PHASER_OUT/PHASER_OUT_PHY   |    0 |     0 |        24 |  0.00 |
| PHASER_IN/PHASER_IN_PHY     |    0 |     0 |        24 |  0.00 |
| IDELAYE2/IDELAYE2_FINEDELAY |    0 |     0 |       300 |  0.00 |
| ODELAYE2/ODELAYE2_FINEDELAY |    0 |     0 |         0 |  0.00 |
| IBUFDS_GTE2                 |    0 |     0 |         4 |  0.00 |
| ILOGIC                      |    0 |     0 |       210 |  0.00 |
| OLOGIC                      |    0 |     0 |       210 |  0.00 |
+-----------------------------+------+-------+-----------+-------+


5. Clocking
-----------

+------------+------+-------+-----------+-------+
|  Site Type | Used | Loced | Available | Util% |
+------------+------+-------+-----------+-------+
| BUFGCTRL   |    4 |     0 |        32 | 12.50 |
| BUFIO      |    0 |     0 |        24 |  0.00 |
| MMCME2_ADV |    1 |     0 |         6 | 16.66 |
| PLLE2_ADV  |    0 |     0 |         6 |  0.00 |
| BUFMRCE    |    0 |     0 |        12 |  0.00 |
| BUFHCE     |    0 |     0 |        96 |  0.00 |
| BUFR       |    0 |     0 |        24 |  0.00 |
+------------+------+-------+-----------+-------+


6. Specific Feature
-------------------

+-------------+------+-------+-----------+-------+
|  Site Type  | Used | Loced | Available | Util% |
+-------------+------+-------+-----------+-------+
| BSCANE2     |    1 |     0 |         4 | 25.00 |
| CAPTUREE2   |    0 |     0 |         1 |  0.00 |
| DNA_PORT    |    0 |     0 |         1 |  0.00 |
| EFUSE_USR   |    0 |     0 |         1 |  0.00 |
| FRAME_ECCE2 |    0 |     0 |         1 |  0.00 |
| ICAPE2      |    0 |     0 |         2 |  0.00 |
| PCIE_2_1    |    0 |     0 |         1 |  0.00 |
| STARTUPE2   |    0 |     0 |         1 |  0.00 |
| XADC        |    0 |     0 |         1 |  0.00 |
+-------------+------+-------+-----------+-------+


7. Primitives
-------------

+------------+------+---------------------+
|  Ref Name  | Used | Functional Category |
+------------+------+---------------------+
| FDRE       | 5371 |        Flop & Latch |
| LUT6       |  733 |                 LUT |
| LUT2       |  483 |                 LUT |
| LUT3       |  309 |                 LUT |
| LUT5       |  258 |                 LUT |
| LUT4       |  242 |                 LUT |
| FDCE       |  210 |        Flop & Latch |
| MUXF7      |  123 |               MuxFx |
| RAMD32     |   96 |  Distributed Memory |
| SRL16E     |   95 |  Distributed Memory |
| FDSE       |   41 |        Flop & Latch |
| CARRY4     |   38 |          CarryLogic |
| RAMS32     |   32 |  Distributed Memory |
| LUT1       |   21 |                 LUT |
| SRLC16E    |    7 |  Distributed Memory |
| FDPE       |    5 |        Flop & Latch |
| BUFG       |    4 |               Clock |
| RAMB36E1   |    3 |        Block Memory |
| IBUF       |    3 |                  IO |
| MUXF8      |    2 |               MuxFx |
| MMCME2_ADV |    1 |               Clock |
| BSCANE2    |    1 |              Others |
| AND2B1L    |    1 |              Others |
+------------+------+---------------------+


8. Black Boxes
--------------

+----------+------+
| Ref Name | Used |
+----------+------+


9. Instantiated Netlists
------------------------

+----------+------+
| Ref Name | Used |
+----------+------+


