#-----------------------------------------------------------
# Vivado v2014.1 (64-bit)
# SW Build 881834 on Fri Apr  4 14:12:35 MDT 2014
# IP Build 877625 on Fri Mar 28 16:29:15 MDT 2014
# Start of session at: Tue Mar 24 17:31:44 2015
# Process ID: 6160
# Log file: D:/Library/Dropbox/ECE532/ECE532_Shared/Milestone6/IP/aicontroller/aicontroller.srcs/sources_1/aicontroller_v1_4_project/vivado.log
# Journal file: D:/Library/Dropbox/ECE532/ECE532_Shared/Milestone6/IP/aicontroller/aicontroller.srcs/sources_1/aicontroller_v1_4_project\vivado.jou
#-----------------------------------------------------------
start_gui
open_project {D:\Library\Dropbox\ECE532\ECE532_Shared\Milestone6\IP\aicontroller\aicontroller.srcs\sources_1\aicontroller_v1_4_project\aicontroller_v1_4_project.xpr}
INFO: [Project 1-489] The host OS only allows 260 characters in a normal path. The project is stored in a path with more than 80 characters. If you experience issues with IP, Block Designs, or files not being found, please consider moving the project to a location with a shorter path. Alternately consider using the OS subst command to map part of the path to a drive letter.
Current project path is 'D:/Library/Dropbox/ECE532/ECE532_Shared/Milestone6/IP/aicontroller/aicontroller.srcs/sources_1/aicontroller_v1_4_project'
Scanning sources...
Finished scanning sources
open_project: Time (s): cpu = 00:00:14 ; elapsed = 00:00:10 . Memory (MB): peak = 829.098 ; gain = 8.809
ipx::open_ipxact_file {D:/Library/Dropbox/ECE532/ECE532_Shared/Milestone6/IP/aicontroller/aicontroller.srcs/sources_1/component.xml}
INFO: [IP_Flow 19-234] Refreshing IP repositories
INFO: [IP_Flow 19-1700] Loaded user IP repository 'd:/Library/Dropbox/ECE532/ECE532_Shared/Milestone6/IP'.
WARNING: [IP_Flow 19-3656] If you move the project, the path for repository 'd:/Library/Dropbox/ECE532/ECE532_Shared/Milestone6/IP' may become invalid. A better location for the repostory would be in a path adjacent to the project. (Current project location is 'd:/Library/Dropbox/ECE532/ECE532_Shared/Milestone6/IP/aicontroller/aicontroller.srcs/sources_1/aicontroller_v1_4_project'.)
WARNING: [IP_Flow 19-3685] Ignored loading user repository 'd:/Library/Dropbox/ECE532/ECE532_Shared/Milestone6/IP/aicontroller/aicontroller.srcs/sources_1'. The path is contained within another repository.
INFO: [IP_Flow 19-2313] Loaded Vivado IP repository 'D:/Xilinx/Vivado/2014.1/data/ip'.
set_property version {2.1} [ipx::current_core]
set_property display_name {aicontroller_v2_1_new_eval} [ipx::current_core]
set_property description {aicontroller_v2_1_new_eval} [ipx::current_core]
ipx::update_checksums [ipx::current_core]
ipx::save_core [ipx::current_core]
update_ip_catalog -rebuild -repo_path d:/Library/Dropbox/ECE532/ECE532_Shared/Milestone6/IP/aicontroller/aicontroller.srcs/sources_1
CRITICAL WARNING: [IP_Flow 19-1681] Failed to reload user IP repository 'd:/Library/Dropbox/ECE532/ECE532_Shared/Milestone6/IP/aicontroller/aicontroller.srcs/sources_1'. ''d:/Library/Dropbox/ECE532/ECE532_Shared/Milestone6/IP/aicontroller/aicontroller.srcs/sources_1' is not valid: Path is contained within another repository.'
CRITICAL WARNING: [IP_Flow 19-852] Failed to reload IP repository 'd:/Library/Dropbox/ECE532/ECE532_Shared/Milestone6/IP/aicontroller/aicontroller.srcs/sources_1'.
0
ipx::update_checksums [ipx::current_core]
ipx::save_core [ipx::current_core]
update_ip_catalog -rebuild -repo_path d:/Library/Dropbox/ECE532/ECE532_Shared/Milestone6/IP/aicontroller/aicontroller.srcs/sources_1
CRITICAL WARNING: [IP_Flow 19-1681] Failed to reload user IP repository 'd:/Library/Dropbox/ECE532/ECE532_Shared/Milestone6/IP/aicontroller/aicontroller.srcs/sources_1'. ''d:/Library/Dropbox/ECE532/ECE532_Shared/Milestone6/IP/aicontroller/aicontroller.srcs/sources_1' is not valid: Path is contained within another repository.'
CRITICAL WARNING: [IP_Flow 19-852] Failed to reload IP repository 'd:/Library/Dropbox/ECE532/ECE532_Shared/Milestone6/IP/aicontroller/aicontroller.srcs/sources_1'.
0
exit
INFO: [Common 17-206] Exiting Vivado at Tue Mar 24 17:37:47 2015...
