Copyright 1986-2014 Xilinx, Inc. All Rights Reserved.
-----------------------------------------------------------------------------------
| Tool Version : Vivado v.2014.1 (win64) Build 881834 Fri Apr  4 14:12:35 MDT 2014
| Date         : Tue Mar 03 19:34:41 2015
| Host         : Kris-PC running 64-bit Service Pack 1  (build 7601)
| Command      : report_io -file aicontroller_io_placed.rpt
| Design       : aicontroller
| Device       : xc7a100tcsg324-1
| Speed File   : -1
-----------------------------------------------------------------------------------

IO Information

Table of Contents
-----------------
1. Summary
2. IO Assignments by Package Pin

1. Summary
----------

+---------------+
| Total User IO |
+---------------+
|           242 |
+---------------+


2. IO Assignments by Package Pin
--------------------------------

+------------+----------------+------------+------------------------------+-------------+-------------+---------+------------+------+---------------------+----------------------+---------+------------+-----------+------+------------------+
| Pin Number | Signal Name    | Bank Type  | Pin Name                     | Use         | IO Standard | IO Bank | Drive (mA) | Slew | On-chip Termination | Off-Chip Termination | Voltage | Constraint | Pull Type | Vref | Signal Integrity |
+------------+----------------+------------+------------------------------+-------------+-------------+---------+------------+------+---------------------+----------------------+---------+------------+-----------+------+------------------+
| A1         |                | High Range | IO_L9N_T1_DQS_AD7N_35        | User IO     |             |      35 |            |      |                     |                      |         |            |           |      |                  |
| A2         |                |            | GND                          | GND         |             |         |            |      |                     |                      |     0.0 |            |           |      |                  |
| A3         |                | High Range | IO_L8N_T1_AD14N_35           | User IO     |             |      35 |            |      |                     |                      |         |            |           |      |                  |
| A4         |                | High Range | IO_L8P_T1_AD14P_35           | User IO     |             |      35 |            |      |                     |                      |         |            |           |      |                  |
| A5         |                | High Range | IO_L3N_T0_DQS_AD5N_35        | User IO     |             |      35 |            |      |                     |                      |         |            |           |      |                  |
| A6         |                | High Range | IO_L3P_T0_DQS_AD5P_35        | User IO     |             |      35 |            |      |                     |                      |         |            |           |      |                  |
| A7         |                | High Range | VCCO_35                      | VCCO        |             |      35 |            |      |                     |                      |    1.80 |            |           |      |                  |
| A8         | col2[19]       | High Range | IO_L12N_T1_MRCC_16           | INPUT       | LVCMOS18*   |      16 |            |      |                     |                 NONE |         | UNFIXED    |           |      | NONE             |
| A9         | col1[18]       | High Range | IO_L14N_T2_SRCC_16           | INPUT       | LVCMOS18*   |      16 |            |      |                     |                 NONE |         | UNFIXED    |           |      | NONE             |
| A10        | col1[19]       | High Range | IO_L14P_T2_SRCC_16           | INPUT       | LVCMOS18*   |      16 |            |      |                     |                 NONE |         | UNFIXED    |           |      | NONE             |
| A11        | col8[11]       | High Range | IO_L4N_T0_15                 | INPUT       | LVCMOS18*   |      15 |            |      |                     |                 NONE |         | UNFIXED    |           |      | NONE             |
| A12        |                |            | GND                          | GND         |             |         |            |      |                     |                      |     0.0 |            |           |      |                  |
| A13        | col8[2]        | High Range | IO_L9P_T1_DQS_AD3P_15        | INPUT       | LVCMOS18*   |      15 |            |      |                     |                 NONE |         | UNFIXED    |           |      | NONE             |
| A14        | col8[1]        | High Range | IO_L9N_T1_DQS_AD3N_15        | INPUT       | LVCMOS18*   |      15 |            |      |                     |                 NONE |         | UNFIXED    |           |      | NONE             |
| A15        | col8[4]        | High Range | IO_L8P_T1_AD10P_15           | INPUT       | LVCMOS18*   |      15 |            |      |                     |                 NONE |         | UNFIXED    |           |      | NONE             |
| A16        | col8[3]        | High Range | IO_L8N_T1_AD10N_15           | INPUT       | LVCMOS18*   |      15 |            |      |                     |                 NONE |         | UNFIXED    |           |      | NONE             |
| A17        |                | High Range | VCCO_15                      | VCCO        |             |      15 |            |      |                     |                      |    1.80 |            |           |      |                  |
| A18        | col7[19]       | High Range | IO_L10N_T1_AD11N_15          | INPUT       | LVCMOS18*   |      15 |            |      |                     |                 NONE |         | UNFIXED    |           |      | NONE             |
| B1         |                | High Range | IO_L9P_T1_DQS_AD7P_35        | User IO     |             |      35 |            |      |                     |                      |         |            |           |      |                  |
| B2         |                | High Range | IO_L10N_T1_AD15N_35          | User IO     |             |      35 |            |      |                     |                      |         |            |           |      |                  |
| B3         |                | High Range | IO_L10P_T1_AD15P_35          | User IO     |             |      35 |            |      |                     |                      |         |            |           |      |                  |
| B4         |                | High Range | IO_L7N_T1_AD6N_35            | User IO     |             |      35 |            |      |                     |                      |         |            |           |      |                  |
| B5         |                |            | GND                          | GND         |             |         |            |      |                     |                      |     0.0 |            |           |      |                  |
| B6         |                | High Range | IO_L2N_T0_AD12N_35           | User IO     |             |      35 |            |      |                     |                      |         |            |           |      |                  |
| B7         |                | High Range | IO_L2P_T0_AD12P_35           | User IO     |             |      35 |            |      |                     |                      |         |            |           |      |                  |
| B8         | col3[17]       | High Range | IO_L12P_T1_MRCC_16           | INPUT       | LVCMOS18*   |      16 |            |      |                     |                 NONE |         | UNFIXED    |           |      | NONE             |
| B9         | col3[18]       | High Range | IO_L11N_T1_SRCC_16           | INPUT       | LVCMOS18*   |      16 |            |      |                     |                 NONE |         | UNFIXED    |           |      | NONE             |
| B10        |                | High Range | VCCO_16                      | VCCO        |             |      16 |            |      |                     |                      |    1.80 |            |           |      |                  |
| B11        | col8[12]       | High Range | IO_L4P_T0_15                 | INPUT       | LVCMOS18*   |      15 |            |      |                     |                 NONE |         | UNFIXED    |           |      | NONE             |
| B12        | col8[13]       | High Range | IO_L3N_T0_DQS_AD1N_15        | INPUT       | LVCMOS18*   |      15 |            |      |                     |                 NONE |         | UNFIXED    |           |      | NONE             |
| B13        | col8[16]       | High Range | IO_L2P_T0_AD8P_15            | INPUT       | LVCMOS18*   |      15 |            |      |                     |                 NONE |         | UNFIXED    |           |      | NONE             |
| B14        | col8[15]       | High Range | IO_L2N_T0_AD8N_15            | INPUT       | LVCMOS18*   |      15 |            |      |                     |                 NONE |         | UNFIXED    |           |      | NONE             |
| B15        |                |            | GND                          | GND         |             |         |            |      |                     |                      |     0.0 |            |           |      |                  |
| B16        | col8[6]        | High Range | IO_L7P_T1_AD2P_15            | INPUT       | LVCMOS18*   |      15 |            |      |                     |                 NONE |         | UNFIXED    |           |      | NONE             |
| B17        | col8[5]        | High Range | IO_L7N_T1_AD2N_15            | INPUT       | LVCMOS18*   |      15 |            |      |                     |                 NONE |         | UNFIXED    |           |      | NONE             |
| B18        | col8[0]        | High Range | IO_L10P_T1_AD11P_15          | INPUT       | LVCMOS18*   |      15 |            |      |                     |                 NONE |         | UNFIXED    |           |      | NONE             |
| C1         | col4[17]       | High Range | IO_L16N_T2_35                | INPUT       | LVCMOS18*   |      35 |            |      |                     |                 NONE |         | UNFIXED    |           |      | NONE             |
| C2         | col4[18]       | High Range | IO_L16P_T2_35                | INPUT       | LVCMOS18*   |      35 |            |      |                     |                 NONE |         | UNFIXED    |           |      | NONE             |
| C3         |                | High Range | VCCO_35                      | VCCO        |             |      35 |            |      |                     |                      |    1.80 |            |           |      |                  |
| C4         |                | High Range | IO_L7P_T1_AD6P_35            | User IO     |             |      35 |            |      |                     |                      |         |            |           |      |                  |
| C5         |                | High Range | IO_L1N_T0_AD4N_35            | User IO     |             |      35 |            |      |                     |                      |         |            |           |      |                  |
| C6         |                | High Range | IO_L1P_T0_AD4P_35            | User IO     |             |      35 |            |      |                     |                      |         |            |           |      |                  |
| C7         |                | High Range | IO_L4N_T0_35                 | User IO     |             |      35 |            |      |                     |                      |         |            |           |      |                  |
| C8         |                |            | GND                          | GND         |             |         |            |      |                     |                      |     0.0 |            |           |      |                  |
| C9         | clk            | High Range | IO_L11P_T1_SRCC_16           | INPUT       | LVCMOS18*   |      16 |            |      |                     |                 NONE |         | UNFIXED    |           |      | NONE             |
| C10        | col2[17]       | High Range | IO_L13N_T2_MRCC_16           | INPUT       | LVCMOS18*   |      16 |            |      |                     |                 NONE |         | UNFIXED    |           |      | NONE             |
| C11        | col2[18]       | High Range | IO_L13P_T2_MRCC_16           | INPUT       | LVCMOS18*   |      16 |            |      |                     |                 NONE |         | UNFIXED    |           |      | NONE             |
| C12        | col8[14]       | High Range | IO_L3P_T0_DQS_AD1P_15        | INPUT       | LVCMOS18*   |      15 |            |      |                     |                 NONE |         | UNFIXED    |           |      | NONE             |
| C13        |                | High Range | VCCO_15                      | VCCO        |             |      15 |            |      |                     |                      |    1.80 |            |           |      |                  |
| C14        | col8[17]       | High Range | IO_L1N_T0_AD0N_15            | INPUT       | LVCMOS18*   |      15 |            |      |                     |                 NONE |         | UNFIXED    |           |      | NONE             |
| C15        | col7[15]       | High Range | IO_L12N_T1_MRCC_15           | INPUT       | LVCMOS18*   |      15 |            |      |                     |                 NONE |         | UNFIXED    |           |      | NONE             |
| C16        | col7[0]        | High Range | IO_L20P_T3_A20_15            | INPUT       | LVCMOS18*   |      15 |            |      |                     |                 NONE |         | UNFIXED    |           |      | NONE             |
| C17        | col0[19]       | High Range | IO_L20N_T3_A19_15            | INPUT       | LVCMOS18*   |      15 |            |      |                     |                 NONE |         | UNFIXED    |           |      | NONE             |
| C18        |                |            | GND                          | GND         |             |         |            |      |                     |                      |     0.0 |            |           |      |                  |
| D1         |                |            | GND                          | GND         |             |         |            |      |                     |                      |     0.0 |            |           |      |                  |
| D2         |                | High Range | IO_L14N_T2_SRCC_35           | User IO     |             |      35 |            |      |                     |                      |         |            |           |      |                  |
| D3         |                | High Range | IO_L12N_T1_MRCC_35           | User IO     |             |      35 |            |      |                     |                      |         |            |           |      |                  |
| D4         |                | High Range | IO_L11N_T1_SRCC_35           | User IO     |             |      35 |            |      |                     |                      |         |            |           |      |                  |
| D5         |                | High Range | IO_L11P_T1_SRCC_35           | User IO     |             |      35 |            |      |                     |                      |         |            |           |      |                  |
| D6         |                | High Range | VCCO_35                      | VCCO        |             |      35 |            |      |                     |                      |    1.80 |            |           |      |                  |
| D7         |                | High Range | IO_L6N_T0_VREF_35            | User IO     |             |      35 |            |      |                     |                      |         |            |           |      |                  |
| D8         |                | High Range | IO_L4P_T0_35                 | User IO     |             |      35 |            |      |                     |                      |         |            |           |      |                  |
| D9         | col3[19]       | High Range | IO_L6N_T0_VREF_16            | INPUT       | LVCMOS18*   |      16 |            |      |                     |                 NONE |         | UNFIXED    |           |      | NONE             |
| D10        | col1[17]       | High Range | IO_L19N_T3_VREF_16           | INPUT       | LVCMOS18*   |      16 |            |      |                     |                 NONE |         | UNFIXED    |           |      | NONE             |
| D11        |                |            | GND                          | GND         |             |         |            |      |                     |                      |     0.0 |            |           |      |                  |
| D12        | col8[8]        | High Range | IO_L6P_T0_15                 | INPUT       | LVCMOS18*   |      15 |            |      |                     |                 NONE |         | UNFIXED    |           |      | NONE             |
| D13        | col8[7]        | High Range | IO_L6N_T0_VREF_15            | INPUT       | LVCMOS18*   |      15 |            |      |                     |                 NONE |         | UNFIXED    |           |      | NONE             |
| D14        | col8[18]       | High Range | IO_L1P_T0_AD0P_15            | INPUT       | LVCMOS18*   |      15 |            |      |                     |                 NONE |         | UNFIXED    |           |      | NONE             |
| D15        | col7[16]       | High Range | IO_L12P_T1_MRCC_15           | INPUT       | LVCMOS18*   |      15 |            |      |                     |                 NONE |         | UNFIXED    |           |      | NONE             |
| D16        |                | High Range | VCCO_15                      | VCCO        |             |      15 |            |      |                     |                      |    1.80 |            |           |      |                  |
| D17        | col7[7]        | High Range | IO_L16N_T2_A27_15            | INPUT       | LVCMOS18*   |      15 |            |      |                     |                 NONE |         | UNFIXED    |           |      | NONE             |
| D18        | col0[17]       | High Range | IO_L21N_T3_DQS_A18_15        | INPUT       | LVCMOS18*   |      15 |            |      |                     |                 NONE |         | UNFIXED    |           |      | NONE             |
| E1         | col4[13]       | High Range | IO_L18N_T2_35                | INPUT       | LVCMOS18*   |      35 |            |      |                     |                 NONE |         | UNFIXED    |           |      | NONE             |
| E2         |                | High Range | IO_L14P_T2_SRCC_35           | User IO     |             |      35 |            |      |                     |                      |         |            |           |      |                  |
| E3         |                | High Range | IO_L12P_T1_MRCC_35           | User IO     |             |      35 |            |      |                     |                      |         |            |           |      |                  |
| E4         |                |            | GND                          | GND         |             |         |            |      |                     |                      |     0.0 |            |           |      |                  |
| E5         |                | High Range | IO_L5N_T0_AD13N_35           | User IO     |             |      35 |            |      |                     |                      |         |            |           |      |                  |
| E6         |                | High Range | IO_L5P_T0_AD13P_35           | User IO     |             |      35 |            |      |                     |                      |         |            |           |      |                  |
| E7         |                | High Range | IO_L6P_T0_35                 | User IO     |             |      35 |            |      |                     |                      |         |            |           |      |                  |
| E8         |                |            | VCCBATT_0                    | Config      |             |         |            |      |                     |                      |         |            |           |      |                  |
| E9         |                |            | CCLK_0                       | Config      |             |         |            |      |                     |                      |         |            |           |      |                  |
| E10        |                |            | TCK_0                        | Config      |             |         |            |      |                     |                      |         |            |           |      |                  |
| E11        |                |            | TDI_0                        | Config      |             |         |            |      |                     |                      |         |            |           |      |                  |
| E12        |                |            | TMS_0                        | Config      |             |         |            |      |                     |                      |         |            |           |      |                  |
| E13        |                |            | TDO_0                        | Config      |             |         |            |      |                     |                      |         |            |           |      |                  |
| E14        |                |            | GND                          | GND         |             |         |            |      |                     |                      |     0.0 |            |           |      |                  |
| E15        | col7[18]       | High Range | IO_L11P_T1_SRCC_15           | INPUT       | LVCMOS18*   |      15 |            |      |                     |                 NONE |         | UNFIXED    |           |      | NONE             |
| E16        | col7[17]       | High Range | IO_L11N_T1_SRCC_15           | INPUT       | LVCMOS18*   |      15 |            |      |                     |                 NONE |         | UNFIXED    |           |      | NONE             |
| E17        | col7[8]        | High Range | IO_L16P_T2_A28_15            | INPUT       | LVCMOS18*   |      15 |            |      |                     |                 NONE |         | UNFIXED    |           |      | NONE             |
| E18        | col0[18]       | High Range | IO_L21P_T3_DQS_15            | INPUT       | LVCMOS18*   |      15 |            |      |                     |                 NONE |         | UNFIXED    |           |      | NONE             |
| F1         | col4[14]       | High Range | IO_L18P_T2_35                | INPUT       | LVCMOS18*   |      35 |            |      |                     |                 NONE |         | UNFIXED    |           |      | NONE             |
| F2         |                | High Range | VCCO_35                      | VCCO        |             |      35 |            |      |                     |                      |    1.80 |            |           |      |                  |
| F3         |                | High Range | IO_L13N_T2_MRCC_35           | User IO     |             |      35 |            |      |                     |                      |         |            |           |      |                  |
| F4         |                | High Range | IO_L13P_T2_MRCC_35           | User IO     |             |      35 |            |      |                     |                      |         |            |           |      |                  |
| F5         |                | High Range | IO_0_35                      | User IO     |             |      35 |            |      |                     |                      |         |            |           |      |                  |
| F6         | col4[11]       | High Range | IO_L19N_T3_VREF_35           | INPUT       | LVCMOS18*   |      35 |            |      |                     |                 NONE |         | UNFIXED    |           |      | NONE             |
| F7         |                |            | GND                          | GND         |             |         |            |      |                     |                      |     0.0 |            |           |      |                  |
| F8         |                |            | VCCINT                       | VCCINT      |             |         |            |      |                     |                      |         |            |           |      |                  |
| F9         |                |            | GND                          | GND         |             |         |            |      |                     |                      |     0.0 |            |           |      |                  |
| F10        |                |            | VCCBRAM                      | VCCBRAM     |             |         |            |      |                     |                      |         |            |           |      |                  |
| F11        |                |            | GND                          | GND         |             |         |            |      |                     |                      |     0.0 |            |           |      |                  |
| F12        |                |            | VCCAUX                       | VCCAUX      |             |         |            |      |                     |                      |    1.80 |            |           |      |                  |
| F13        | col8[10]       | High Range | IO_L5P_T0_AD9P_15            | INPUT       | LVCMOS18*   |      15 |            |      |                     |                 NONE |         | UNFIXED    |           |      | NONE             |
| F14        | col8[9]        | High Range | IO_L5N_T0_AD9N_15            | INPUT       | LVCMOS18*   |      15 |            |      |                     |                 NONE |         | UNFIXED    |           |      | NONE             |
| F15        | col7[12]       | High Range | IO_L14P_T2_SRCC_15           | INPUT       | LVCMOS18*   |      15 |            |      |                     |                 NONE |         | UNFIXED    |           |      | NONE             |
| F16        | col7[11]       | High Range | IO_L14N_T2_SRCC_15           | INPUT       | LVCMOS18*   |      15 |            |      |                     |                 NONE |         | UNFIXED    |           |      | NONE             |
| F17        |                |            | GND                          | GND         |             |         |            |      |                     |                      |     0.0 |            |           |      |                  |
| F18        | algo_rot[1]    | High Range | IO_L22N_T3_A16_15            | OUTPUT      | LVCMOS18*   |      15 |         12 | SLOW |                     |            FP_VTT_50 |         | UNFIXED    |           |      | NONE             |
| G1         | col4[15]       | High Range | IO_L17N_T2_35                | INPUT       | LVCMOS18*   |      35 |            |      |                     |                 NONE |         | UNFIXED    |           |      | NONE             |
| G2         | col4[19]       | High Range | IO_L15N_T2_DQS_35            | INPUT       | LVCMOS18*   |      35 |            |      |                     |                 NONE |         | UNFIXED    |           |      | NONE             |
| G3         | col4[9]        | High Range | IO_L20N_T3_35                | INPUT       | LVCMOS18*   |      35 |            |      |                     |                 NONE |         | UNFIXED    |           |      | NONE             |
| G4         | col4[10]       | High Range | IO_L20P_T3_35                | INPUT       | LVCMOS18*   |      35 |            |      |                     |                 NONE |         | UNFIXED    |           |      | NONE             |
| G5         |                | High Range | VCCO_35                      | VCCO        |             |      35 |            |      |                     |                      |    1.80 |            |           |      |                  |
| G6         | col4[12]       | High Range | IO_L19P_T3_35                | INPUT       | LVCMOS18*   |      35 |            |      |                     |                 NONE |         | UNFIXED    |           |      | NONE             |
| G7         |                |            | VCCINT                       | VCCINT      |             |         |            |      |                     |                      |         |            |           |      |                  |
| G8         |                |            | GND                          | GND         |             |         |            |      |                     |                      |     0.0 |            |           |      |                  |
| G9         |                |            | VCCINT                       | VCCINT      |             |         |            |      |                     |                      |         |            |           |      |                  |
| G10        |                |            | GND                          | GND         |             |         |            |      |                     |                      |     0.0 |            |           |      |                  |
| G11        |                |            | VCCBRAM                      | VCCBRAM     |             |         |            |      |                     |                      |         |            |           |      |                  |
| G12        |                |            | GND                          | GND         |             |         |            |      |                     |                      |     0.0 |            |           |      |                  |
| G13        | col8[19]       | High Range | IO_0_15                      | INPUT       | LVCMOS18*   |      15 |            |      |                     |                 NONE |         | UNFIXED    |           |      | NONE             |
| G14        | col7[9]        | High Range | IO_L15N_T2_DQS_ADV_B_15      | INPUT       | LVCMOS18*   |      15 |            |      |                     |                 NONE |         | UNFIXED    |           |      | NONE             |
| G15        |                | High Range | VCCO_15                      | VCCO        |             |      15 |            |      |                     |                      |    1.80 |            |           |      |                  |
| G16        | col7[13]       | High Range | IO_L13N_T2_MRCC_15           | INPUT       | LVCMOS18*   |      15 |            |      |                     |                 NONE |         | UNFIXED    |           |      | NONE             |
| G17        | col7[3]        | High Range | IO_L18N_T2_A23_15            | INPUT       | LVCMOS18*   |      15 |            |      |                     |                 NONE |         | UNFIXED    |           |      | NONE             |
| G18        | algo_done      | High Range | IO_L22P_T3_A17_15            | OUTPUT      | LVCMOS18*   |      15 |         12 | SLOW |                     |            FP_VTT_50 |         | UNFIXED    |           |      | NONE             |
| H1         | col4[16]       | High Range | IO_L17P_T2_35                | INPUT       | LVCMOS18*   |      35 |            |      |                     |                 NONE |         | UNFIXED    |           |      | NONE             |
| H2         |                | High Range | IO_L15P_T2_DQS_35            | User IO     |             |      35 |            |      |                     |                      |         |            |           |      |                  |
| H3         |                |            | GND                          | GND         |             |         |            |      |                     |                      |     0.0 |            |           |      |                  |
| H4         | col4[7]        | High Range | IO_L21N_T3_DQS_35            | INPUT       | LVCMOS18*   |      35 |            |      |                     |                 NONE |         | UNFIXED    |           |      | NONE             |
| H5         | col4[1]        | High Range | IO_L24N_T3_35                | INPUT       | LVCMOS18*   |      35 |            |      |                     |                 NONE |         | UNFIXED    |           |      | NONE             |
| H6         | col4[2]        | High Range | IO_L24P_T3_35                | INPUT       | LVCMOS18*   |      35 |            |      |                     |                 NONE |         | UNFIXED    |           |      | NONE             |
| H7         |                |            | GND                          | GND         |             |         |            |      |                     |                      |     0.0 |            |           |      |                  |
| H8         |                |            | VCCINT                       | VCCINT      |             |         |            |      |                     |                      |         |            |           |      |                  |
| H9         |                |            | GNDADC_0                     | XADC        |             |         |            |      |                     |                      |         |            |           |      |                  |
| H10        |                |            | VCCADC_0                     | XADC        |             |         |            |      |                     |                      |         |            |           |      |                  |
| H11        |                |            | GND                          | GND         |             |         |            |      |                     |                      |     0.0 |            |           |      |                  |
| H12        |                |            | VCCAUX                       | VCCAUX      |             |         |            |      |                     |                      |    1.80 |            |           |      |                  |
| H13        |                |            | GND                          | GND         |             |         |            |      |                     |                      |     0.0 |            |           |      |                  |
| H14        | col7[10]       | High Range | IO_L15P_T2_DQS_15            | INPUT       | LVCMOS18*   |      15 |            |      |                     |                 NONE |         | UNFIXED    |           |      | NONE             |
| H15        | col7[1]        | High Range | IO_L19N_T3_A21_VREF_15       | INPUT       | LVCMOS18*   |      15 |            |      |                     |                 NONE |         | UNFIXED    |           |      | NONE             |
| H16        | col7[14]       | High Range | IO_L13P_T2_MRCC_15           | INPUT       | LVCMOS18*   |      15 |            |      |                     |                 NONE |         | UNFIXED    |           |      | NONE             |
| H17        | col7[4]        | High Range | IO_L18P_T2_A24_15            | INPUT       | LVCMOS18*   |      15 |            |      |                     |                 NONE |         | UNFIXED    |           |      | NONE             |
| H18        |                | High Range | VCCO_15                      | VCCO        |             |      15 |            |      |                     |                      |    1.80 |            |           |      |                  |
| J1         |                | High Range | VCCO_35                      | VCCO        |             |      35 |            |      |                     |                      |    1.80 |            |           |      |                  |
| J2         | col4[5]        | High Range | IO_L22N_T3_35                | INPUT       | LVCMOS18*   |      35 |            |      |                     |                 NONE |         | UNFIXED    |           |      | NONE             |
| J3         | col4[6]        | High Range | IO_L22P_T3_35                | INPUT       | LVCMOS18*   |      35 |            |      |                     |                 NONE |         | UNFIXED    |           |      | NONE             |
| J4         | col4[8]        | High Range | IO_L21P_T3_DQS_35            | INPUT       | LVCMOS18*   |      35 |            |      |                     |                 NONE |         | UNFIXED    |           |      | NONE             |
| J5         | col4[0]        | High Range | IO_25_35                     | INPUT       | LVCMOS18*   |      35 |            |      |                     |                 NONE |         | UNFIXED    |           |      | NONE             |
| J6         |                |            | GND                          | GND         |             |         |            |      |                     |                      |     0.0 |            |           |      |                  |
| J7         |                |            | VCCINT                       | VCCINT      |             |         |            |      |                     |                      |         |            |           |      |                  |
| J8         |                |            | GND                          | GND         |             |         |            |      |                     |                      |     0.0 |            |           |      |                  |
| J9         |                |            | VREFN_0                      | XADC        |             |         |            |      |                     |                      |         |            |           |      |                  |
| J10        |                | Dedicated  | VP_0                         | XADC        |             |       0 |            |      |                     |                      |         |            |           |      |                  |
| J11        |                |            | VCCINT                       | VCCINT      |             |         |            |      |                     |                      |         |            |           |      |                  |
| J12        |                |            | GND                          | GND         |             |         |            |      |                     |                      |     0.0 |            |           |      |                  |
| J13        | col7[5]        | High Range | IO_L17N_T2_A25_15            | INPUT       | LVCMOS18*   |      15 |            |      |                     |                 NONE |         | UNFIXED    |           |      | NONE             |
| J14        | col7[2]        | High Range | IO_L19P_T3_A22_15            | INPUT       | LVCMOS18*   |      15 |            |      |                     |                 NONE |         | UNFIXED    |           |      | NONE             |
| J15        | algo_rshift[1] | High Range | IO_L24N_T3_RS0_15            | OUTPUT      | LVCMOS18*   |      15 |         12 | SLOW |                     |            FP_VTT_50 |         | UNFIXED    |           |      | NONE             |
| J16        |                |            | GND                          | GND         |             |         |            |      |                     |                      |     0.0 |            |           |      |                  |
| J17        | algo_rot[0]    | High Range | IO_L23P_T3_FOE_B_15          | OUTPUT      | LVCMOS18*   |      15 |         12 | SLOW |                     |            FP_VTT_50 |         | UNFIXED    |           |      | NONE             |
| J18        | algo_rshift[3] | High Range | IO_L23N_T3_FWE_B_15          | OUTPUT      | LVCMOS18*   |      15 |         12 | SLOW |                     |            FP_VTT_50 |         | UNFIXED    |           |      | NONE             |
| K1         | col4[3]        | High Range | IO_L23N_T3_35                | INPUT       | LVCMOS18*   |      35 |            |      |                     |                 NONE |         | UNFIXED    |           |      | NONE             |
| K2         | col4[4]        | High Range | IO_L23P_T3_35                | INPUT       | LVCMOS18*   |      35 |            |      |                     |                 NONE |         | UNFIXED    |           |      | NONE             |
| K3         |                | High Range | IO_L2P_T0_34                 | User IO     |             |      34 |            |      |                     |                      |         |            |           |      |                  |
| K4         |                | High Range | VCCO_34                      | VCCO        |             |      34 |            |      |                     |                      |    1.80 |            |           |      |                  |
| K5         |                | High Range | IO_L5P_T0_34                 | User IO     |             |      34 |            |      |                     |                      |         |            |           |      |                  |
| K6         |                | High Range | IO_0_34                      | User IO     |             |      34 |            |      |                     |                      |         |            |           |      |                  |
| K7         |                |            | GND                          | GND         |             |         |            |      |                     |                      |     0.0 |            |           |      |                  |
| K8         |                |            | VCCINT                       | VCCINT      |             |         |            |      |                     |                      |         |            |           |      |                  |
| K9         |                | Dedicated  | VN_0                         | XADC        |             |       0 |            |      |                     |                      |         |            |           |      |                  |
| K10        |                |            | VREFP_0                      | XADC        |             |         |            |      |                     |                      |         |            |           |      |                  |
| K11        |                |            | GND                          | GND         |             |         |            |      |                     |                      |     0.0 |            |           |      |                  |
| K12        |                |            | VCCAUX                       | VCCAUX      |             |         |            |      |                     |                      |    1.80 |            |           |      |                  |
| K13        | col7[6]        | High Range | IO_L17P_T2_A26_15            | INPUT       | LVCMOS18*   |      15 |            |      |                     |                 NONE |         | UNFIXED    |           |      | NONE             |
| K14        |                | High Range | VCCO_15                      | VCCO        |             |      15 |            |      |                     |                      |    1.80 |            |           |      |                  |
| K15        | algo_rshift[2] | High Range | IO_L24P_T3_RS1_15            | OUTPUT      | LVCMOS18*   |      15 |         12 | SLOW |                     |            FP_VTT_50 |         | UNFIXED    |           |      | NONE             |
| K16        | algo_rshift[0] | High Range | IO_25_15                     | OUTPUT      | LVCMOS18*   |      15 |         12 | SLOW |                     |            FP_VTT_50 |         | UNFIXED    |           |      | NONE             |
| K17        | SWITCH[8]      | High Range | IO_L1P_T0_D00_MOSI_14        | INPUT       | LVCMOS18*   |      14 |            |      |                     |                 NONE |         | UNFIXED    |           |      | NONE             |
| K18        | SWITCH[7]      | High Range | IO_L1N_T0_D01_DIN_14         | INPUT       | LVCMOS18*   |      14 |            |      |                     |                 NONE |         | UNFIXED    |           |      | NONE             |
| L1         |                | High Range | IO_L1P_T0_34                 | User IO     |             |      34 |            |      |                     |                      |         |            |           |      |                  |
| L2         |                |            | GND                          | GND         |             |         |            |      |                     |                      |     0.0 |            |           |      |                  |
| L3         |                | High Range | IO_L2N_T0_34                 | User IO     |             |      34 |            |      |                     |                      |         |            |           |      |                  |
| L4         |                | High Range | IO_L5N_T0_34                 | User IO     |             |      34 |            |      |                     |                      |         |            |           |      |                  |
| L5         | next_piece[1]  | High Range | IO_L6N_T0_VREF_34            | INPUT       | LVCMOS18*   |      34 |            |      |                     |                 NONE |         | UNFIXED    |           |      | NONE             |
| L6         | next_piece[2]  | High Range | IO_L6P_T0_34                 | INPUT       | LVCMOS18*   |      34 |            |      |                     |                 NONE |         | UNFIXED    |           |      | NONE             |
| L7         |                |            | VCCINT                       | VCCINT      |             |         |            |      |                     |                      |         |            |           |      |                  |
| L8         |                |            | GND                          | GND         |             |         |            |      |                     |                      |     0.0 |            |           |      |                  |
| L9         |                |            | DXN_0                        | Temp Sensor |             |         |            |      |                     |                      |         |            |           |      |                  |
| L10        |                |            | DXP_0                        | Temp Sensor |             |         |            |      |                     |                      |         |            |           |      |                  |
| L11        |                |            | VCCINT                       | VCCINT      |             |         |            |      |                     |                      |         |            |           |      |                  |
| L12        |                |            | GND                          | GND         |             |         |            |      |                     |                      |     0.0 |            |           |      |                  |
| L13        | col6[18]       | High Range | IO_L6P_T0_FCS_B_14           | INPUT       | LVCMOS18*   |      14 |            |      |                     |                 NONE |         | UNFIXED    |           |      | NONE             |
| L14        | SWITCH[6]      | High Range | IO_L2P_T0_D02_14             | INPUT       | LVCMOS18*   |      14 |            |      |                     |                 NONE |         | UNFIXED    |           |      | NONE             |
| L15        | SWITCH[4]      | High Range | IO_L3P_T0_DQS_PUDC_B_14      | INPUT       | LVCMOS18*   |      14 |            |      |                     |                 NONE |         | UNFIXED    |           |      | NONE             |
| L16        | SWITCH[3]      | High Range | IO_L3N_T0_DQS_EMCCLK_14      | INPUT       | LVCMOS18*   |      14 |            |      |                     |                 NONE |         | UNFIXED    |           |      | NONE             |
| L17        |                | High Range | VCCO_14                      | VCCO        |             |      14 |            |      |                     |                      |    1.80 |            |           |      |                  |
| L18        | SWITCH[2]      | High Range | IO_L4P_T0_D04_14             | INPUT       | LVCMOS18*   |      14 |            |      |                     |                 NONE |         | UNFIXED    |           |      | NONE             |
| M1         |                | High Range | IO_L1N_T0_34                 | User IO     |             |      34 |            |      |                     |                      |         |            |           |      |                  |
| M2         |                | High Range | IO_L4N_T0_34                 | User IO     |             |      34 |            |      |                     |                      |         |            |           |      |                  |
| M3         |                | High Range | IO_L4P_T0_34                 | User IO     |             |      34 |            |      |                     |                      |         |            |           |      |                  |
| M4         | col9[2]        | High Range | IO_L16P_T2_34                | INPUT       | LVCMOS18*   |      34 |            |      |                     |                 NONE |         | UNFIXED    |           |      | NONE             |
| M5         |                |            | GND                          | GND         |             |         |            |      |                     |                      |     0.0 |            |           |      |                  |
| M6         | LED[14]        | High Range | IO_L18P_T2_34                | OUTPUT      | LVCMOS18*   |      34 |         12 | SLOW |                     |            FP_VTT_50 |         | UNFIXED    |           |      | NONE             |
| M7         |                |            | GND                          | GND         |             |         |            |      |                     |                      |     0.0 |            |           |      |                  |
| M8         |                |            | VCCINT                       | VCCINT      |             |         |            |      |                     |                      |         |            |           |      |                  |
| M9         |                |            | GND                          | GND         |             |         |            |      |                     |                      |     0.0 |            |           |      |                  |
| M10        |                |            | VCCINT                       | VCCINT      |             |         |            |      |                     |                      |         |            |           |      |                  |
| M11        |                |            | GND                          | GND         |             |         |            |      |                     |                      |     0.0 |            |           |      |                  |
| M12        |                |            | VCCAUX                       | VCCAUX      |             |         |            |      |                     |                      |    1.80 |            |           |      |                  |
| M13        | col6[17]       | High Range | IO_L6N_T0_D08_VREF_14        | INPUT       | LVCMOS18*   |      14 |            |      |                     |                 NONE |         | UNFIXED    |           |      | NONE             |
| M14        | SWITCH[5]      | High Range | IO_L2N_T0_D03_14             | INPUT       | LVCMOS18*   |      14 |            |      |                     |                 NONE |         | UNFIXED    |           |      | NONE             |
| M15        |                |            | GND                          | GND         |             |         |            |      |                     |                      |     0.0 |            |           |      |                  |
| M16        | col6[10]       | High Range | IO_L10P_T1_D14_14            | INPUT       | LVCMOS18*   |      14 |            |      |                     |                 NONE |         | UNFIXED    |           |      | NONE             |
| M17        | col6[9]        | High Range | IO_L10N_T1_D15_14            | INPUT       | LVCMOS18*   |      14 |            |      |                     |                 NONE |         | UNFIXED    |           |      | NONE             |
| M18        | SWITCH[1]      | High Range | IO_L4N_T0_D05_14             | INPUT       | LVCMOS18*   |      14 |            |      |                     |                 NONE |         | UNFIXED    |           |      | NONE             |
| N1         |                | High Range | IO_L3N_T0_DQS_34             | User IO     |             |      34 |            |      |                     |                      |         |            |           |      |                  |
| N2         |                | High Range | IO_L3P_T0_DQS_34             | User IO     |             |      34 |            |      |                     |                      |         |            |           |      |                  |
| N3         |                | High Range | VCCO_34                      | VCCO        |             |      34 |            |      |                     |                      |    1.80 |            |           |      |                  |
| N4         | col9[1]        | High Range | IO_L16N_T2_34                | INPUT       | LVCMOS18*   |      34 |            |      |                     |                 NONE |         | UNFIXED    |           |      | NONE             |
| N5         | col9[8]        | High Range | IO_L13P_T2_MRCC_34           | INPUT       | LVCMOS18*   |      34 |            |      |                     |                 NONE |         | UNFIXED    |           |      | NONE             |
| N6         | LED[13]        | High Range | IO_L18N_T2_34                | OUTPUT      | LVCMOS18*   |      34 |         12 | SLOW |                     |            FP_VTT_50 |         | UNFIXED    |           |      | NONE             |
| N7         |                |            | VCCINT                       | VCCINT      |             |         |            |      |                     |                      |         |            |           |      |                  |
| N8         |                |            | GND                          | GND         |             |         |            |      |                     |                      |     0.0 |            |           |      |                  |
| N9         |                |            | VCCINT                       | VCCINT      |             |         |            |      |                     |                      |         |            |           |      |                  |
| N10        |                |            | GND                          | GND         |             |         |            |      |                     |                      |     0.0 |            |           |      |                  |
| N11        |                |            | VCCINT                       | VCCINT      |             |         |            |      |                     |                      |         |            |           |      |                  |
| N12        |                |            | GND                          | GND         |             |         |            |      |                     |                      |     0.0 |            |           |      |                  |
| N13        |                | High Range | VCCO_14                      | VCCO        |             |      14 |            |      |                     |                      |    1.80 |            |           |      |                  |
| N14        | col6[14]       | High Range | IO_L8P_T1_D11_14             | INPUT       | LVCMOS18*   |      14 |            |      |                     |                 NONE |         | UNFIXED    |           |      | NONE             |
| N15        | col6[8]        | High Range | IO_L11P_T1_SRCC_14           | INPUT       | LVCMOS18*   |      14 |            |      |                     |                 NONE |         | UNFIXED    |           |      | NONE             |
| N16        | col6[7]        | High Range | IO_L11N_T1_SRCC_14           | INPUT       | LVCMOS18*   |      14 |            |      |                     |                 NONE |         | UNFIXED    |           |      | NONE             |
| N17        | col6[12]       | High Range | IO_L9P_T1_DQS_14             | INPUT       | LVCMOS18*   |      14 |            |      |                     |                 NONE |         | UNFIXED    |           |      | NONE             |
| N18        |                |            | GND                          | GND         |             |         |            |      |                     |                      |     0.0 |            |           |      |                  |
| P1         |                |            | GND                          | GND         |             |         |            |      |                     |                      |     0.0 |            |           |      |                  |
| P2         | col9[4]        | High Range | IO_L15P_T2_DQS_34            | INPUT       | LVCMOS18*   |      34 |            |      |                     |                 NONE |         | UNFIXED    |           |      | NONE             |
| P3         | col9[5]        | High Range | IO_L14N_T2_SRCC_34           | INPUT       | LVCMOS18*   |      34 |            |      |                     |                 NONE |         | UNFIXED    |           |      | NONE             |
| P4         | col9[6]        | High Range | IO_L14P_T2_SRCC_34           | INPUT       | LVCMOS18*   |      34 |            |      |                     |                 NONE |         | UNFIXED    |           |      | NONE             |
| P5         | col9[7]        | High Range | IO_L13N_T2_MRCC_34           | INPUT       | LVCMOS18*   |      34 |            |      |                     |                 NONE |         | UNFIXED    |           |      | NONE             |
| P6         |                | High Range | VCCO_34                      | VCCO        |             |      34 |            |      |                     |                      |    1.80 |            |           |      |                  |
| P7         |                |            | INIT_B_0                     | Config      |             |         |            |      |                     |                      |         |            |           |      |                  |
| P8         |                |            | CFGBVS_0                     | Config      |             |         |            |      |                     |                      |         |            |           |      |                  |
| P9         |                |            | PROGRAM_B_0                  | Config      |             |         |            |      |                     |                      |         |            |           |      |                  |
| P10        |                |            | DONE_0                       | Config      |             |         |            |      |                     |                      |         |            |           |      |                  |
| P11        |                |            | M2_0                         | Config      |             |         |            |      |                     |                      |         |            |           |      |                  |
| P12        |                |            | M0_0                         | Config      |             |         |            |      |                     |                      |         |            |           |      |                  |
| P13        |                |            | M1_0                         | Config      |             |         |            |      |                     |                      |         |            |           |      |                  |
| P14        | col6[13]       | High Range | IO_L8N_T1_D12_14             | INPUT       | LVCMOS18*   |      14 |            |      |                     |                 NONE |         | UNFIXED    |           |      | NONE             |
| P15        | col6[4]        | High Range | IO_L13P_T2_MRCC_14           | INPUT       | LVCMOS18*   |      14 |            |      |                     |                 NONE |         | UNFIXED    |           |      | NONE             |
| P16        |                | High Range | VCCO_14                      | VCCO        |             |      14 |            |      |                     |                      |    1.80 |            |           |      |                  |
| P17        | col6[6]        | High Range | IO_L12P_T1_MRCC_14           | INPUT       | LVCMOS18*   |      14 |            |      |                     |                 NONE |         | UNFIXED    |           |      | NONE             |
| P18        | col6[11]       | High Range | IO_L9N_T1_DQS_D13_14         | INPUT       | LVCMOS18*   |      14 |            |      |                     |                 NONE |         | UNFIXED    |           |      | NONE             |
| R1         | col9[0]        | High Range | IO_L17P_T2_34                | INPUT       | LVCMOS18*   |      34 |            |      |                     |                 NONE |         | UNFIXED    |           |      | NONE             |
| R2         | col9[3]        | High Range | IO_L15N_T2_DQS_34            | INPUT       | LVCMOS18*   |      34 |            |      |                     |                 NONE |         | UNFIXED    |           |      | NONE             |
| R3         | col9[12]       | High Range | IO_L11P_T1_SRCC_34           | INPUT       | LVCMOS18*   |      34 |            |      |                     |                 NONE |         | UNFIXED    |           |      | NONE             |
| R4         |                |            | GND                          | GND         |             |         |            |      |                     |                      |     0.0 |            |           |      |                  |
| R5         | LED[11]        | High Range | IO_L19N_T3_VREF_34           | OUTPUT      | LVCMOS18*   |      34 |         12 | SLOW |                     |            FP_VTT_50 |         | UNFIXED    |           |      | NONE             |
| R6         | LED[12]        | High Range | IO_L19P_T3_34                | OUTPUT      | LVCMOS18*   |      34 |         12 | SLOW |                     |            FP_VTT_50 |         | UNFIXED    |           |      | NONE             |
| R7         | LED[4]         | High Range | IO_L23P_T3_34                | OUTPUT      | LVCMOS18*   |      34 |         12 | SLOW |                     |            FP_VTT_50 |         | UNFIXED    |           |      | NONE             |
| R8         | LED[2]         | High Range | IO_L24P_T3_34                | OUTPUT      | LVCMOS18*   |      34 |         12 | SLOW |                     |            FP_VTT_50 |         | UNFIXED    |           |      | NONE             |
| R9         |                | Dedicated  | VCCO_0                       | VCCO        |             |       0 |            |      |                     |                      |   any** |            |           |      |                  |
| R10        | col5[0]        | High Range | IO_25_14                     | INPUT       | LVCMOS18*   |      14 |            |      |                     |                 NONE |         | UNFIXED    |           |      | NONE             |
| R11        | algo_en        | High Range | IO_0_14                      | INPUT       | LVCMOS18*   |      14 |            |      |                     |                 NONE |         | UNFIXED    |           |      | NONE             |
| R12        | SWITCH[0]      | High Range | IO_L5P_T0_D06_14             | INPUT       | LVCMOS18*   |      14 |            |      |                     |                 NONE |         | UNFIXED    |           |      | NONE             |
| R13        | col6[19]       | High Range | IO_L5N_T0_D07_14             | INPUT       | LVCMOS18*   |      14 |            |      |                     |                 NONE |         | UNFIXED    |           |      | NONE             |
| R14        |                |            | GND                          | GND         |             |         |            |      |                     |                      |     0.0 |            |           |      |                  |
| R15        | col6[3]        | High Range | IO_L13N_T2_MRCC_14           | INPUT       | LVCMOS18*   |      14 |            |      |                     |                 NONE |         | UNFIXED    |           |      | NONE             |
| R16        | col6[0]        | High Range | IO_L15P_T2_DQS_RDWR_B_14     | INPUT       | LVCMOS18*   |      14 |            |      |                     |                 NONE |         | UNFIXED    |           |      | NONE             |
| R17        | col6[5]        | High Range | IO_L12N_T1_MRCC_14           | INPUT       | LVCMOS18*   |      14 |            |      |                     |                 NONE |         | UNFIXED    |           |      | NONE             |
| R18        | col6[16]       | High Range | IO_L7P_T1_D09_14             | INPUT       | LVCMOS18*   |      14 |            |      |                     |                 NONE |         | UNFIXED    |           |      | NONE             |
| T1         | LED[15]        | High Range | IO_L17N_T2_34                | OUTPUT      | LVCMOS18*   |      34 |         12 | SLOW |                     |            FP_VTT_50 |         | UNFIXED    |           |      | NONE             |
| T2         |                | High Range | VCCO_34                      | VCCO        |             |      34 |            |      |                     |                      |    1.80 |            |           |      |                  |
| T3         | col9[11]       | High Range | IO_L11N_T1_SRCC_34           | INPUT       | LVCMOS18*   |      34 |            |      |                     |                 NONE |         | UNFIXED    |           |      | NONE             |
| T4         | col9[9]        | High Range | IO_L12N_T1_MRCC_34           | INPUT       | LVCMOS18*   |      34 |            |      |                     |                 NONE |         | UNFIXED    |           |      | NONE             |
| T5         | col9[10]       | High Range | IO_L12P_T1_MRCC_34           | INPUT       | LVCMOS18*   |      34 |            |      |                     |                 NONE |         | UNFIXED    |           |      | NONE             |
| T6         | LED[3]         | High Range | IO_L23N_T3_34                | OUTPUT      | LVCMOS18*   |      34 |         12 | SLOW |                     |            FP_VTT_50 |         | UNFIXED    |           |      | NONE             |
| T7         |                |            | GND                          | GND         |             |         |            |      |                     |                      |     0.0 |            |           |      |                  |
| T8         | LED[1]         | High Range | IO_L24N_T3_34                | OUTPUT      | LVCMOS18*   |      34 |         12 | SLOW |                     |            FP_VTT_50 |         | UNFIXED    |           |      | NONE             |
| T9         | col5[2]        | High Range | IO_L24P_T3_A01_D17_14        | INPUT       | LVCMOS18*   |      14 |            |      |                     |                 NONE |         | UNFIXED    |           |      | NONE             |
| T10        | col5[1]        | High Range | IO_L24N_T3_A00_D16_14        | INPUT       | LVCMOS18*   |      14 |            |      |                     |                 NONE |         | UNFIXED    |           |      | NONE             |
| T11        | col5[12]       | High Range | IO_L19P_T3_A10_D26_14        | INPUT       | LVCMOS18*   |      14 |            |      |                     |                 NONE |         | UNFIXED    |           |      | NONE             |
| T12        |                | High Range | VCCO_14                      | VCCO        |             |      14 |            |      |                     |                      |    1.80 |            |           |      |                  |
| T13        | col5[4]        | High Range | IO_L23P_T3_A03_D19_14        | INPUT       | LVCMOS18*   |      14 |            |      |                     |                 NONE |         | UNFIXED    |           |      | NONE             |
| T14        | col6[2]        | High Range | IO_L14P_T2_SRCC_14           | INPUT       | LVCMOS18*   |      14 |            |      |                     |                 NONE |         | UNFIXED    |           |      | NONE             |
| T15        | col6[1]        | High Range | IO_L14N_T2_SRCC_14           | INPUT       | LVCMOS18*   |      14 |            |      |                     |                 NONE |         | UNFIXED    |           |      | NONE             |
| T16        | col5[19]       | High Range | IO_L15N_T2_DQS_DOUT_CSO_B_14 | INPUT       | LVCMOS18*   |      14 |            |      |                     |                 NONE |         | UNFIXED    |           |      | NONE             |
| T17        |                |            | GND                          | GND         |             |         |            |      |                     |                      |     0.0 |            |           |      |                  |
| T18        | col6[15]       | High Range | IO_L7N_T1_D10_14             | INPUT       | LVCMOS18*   |      14 |            |      |                     |                 NONE |         | UNFIXED    |           |      | NONE             |
| U1         | next_piece[0]  | High Range | IO_L7P_T1_34                 | INPUT       | LVCMOS18*   |      34 |            |      |                     |                 NONE |         | UNFIXED    |           |      | NONE             |
| U2         | col9[16]       | High Range | IO_L9P_T1_DQS_34             | INPUT       | LVCMOS18*   |      34 |            |      |                     |                 NONE |         | UNFIXED    |           |      | NONE             |
| U3         | col9[17]       | High Range | IO_L8N_T1_34                 | INPUT       | LVCMOS18*   |      34 |            |      |                     |                 NONE |         | UNFIXED    |           |      | NONE             |
| U4         | col9[18]       | High Range | IO_L8P_T1_34                 | INPUT       | LVCMOS18*   |      34 |            |      |                     |                 NONE |         | UNFIXED    |           |      | NONE             |
| U5         |                | High Range | VCCO_34                      | VCCO        |             |      34 |            |      |                     |                      |    1.80 |            |           |      |                  |
| U6         | LED[5]         | High Range | IO_L22N_T3_34                | OUTPUT      | LVCMOS18*   |      34 |         12 | SLOW |                     |            FP_VTT_50 |         | UNFIXED    |           |      | NONE             |
| U7         | LED[6]         | High Range | IO_L22P_T3_34                | OUTPUT      | LVCMOS18*   |      34 |         12 | SLOW |                     |            FP_VTT_50 |         | UNFIXED    |           |      | NONE             |
| U8         | LED[0]         | High Range | IO_25_34                     | OUTPUT      | LVCMOS18*   |      34 |         12 | SLOW |                     |            FP_VTT_50 |         | UNFIXED    |           |      | NONE             |
| U9         | LED[8]         | High Range | IO_L21P_T3_DQS_34            | OUTPUT      | LVCMOS18*   |      34 |         12 | SLOW |                     |            FP_VTT_50 |         | UNFIXED    |           |      | NONE             |
| U10        |                |            | GND                          | GND         |             |         |            |      |                     |                      |     0.0 |            |           |      |                  |
| U11        | col5[11]       | High Range | IO_L19N_T3_A09_D25_VREF_14   | INPUT       | LVCMOS18*   |      14 |            |      |                     |                 NONE |         | UNFIXED    |           |      | NONE             |
| U12        | col5[10]       | High Range | IO_L20P_T3_A08_D24_14        | INPUT       | LVCMOS18*   |      14 |            |      |                     |                 NONE |         | UNFIXED    |           |      | NONE             |
| U13        | col5[3]        | High Range | IO_L23N_T3_A02_D18_14        | INPUT       | LVCMOS18*   |      14 |            |      |                     |                 NONE |         | UNFIXED    |           |      | NONE             |
| U14        | col5[6]        | High Range | IO_L22P_T3_A05_D21_14        | INPUT       | LVCMOS18*   |      14 |            |      |                     |                 NONE |         | UNFIXED    |           |      | NONE             |
| U15        |                | High Range | VCCO_14                      | VCCO        |             |      14 |            |      |                     |                      |    1.80 |            |           |      |                  |
| U16        | col5[14]       | High Range | IO_L18P_T2_A12_D28_14        | INPUT       | LVCMOS18*   |      14 |            |      |                     |                 NONE |         | UNFIXED    |           |      | NONE             |
| U17        | col5[16]       | High Range | IO_L17P_T2_A14_D30_14        | INPUT       | LVCMOS18*   |      14 |            |      |                     |                 NONE |         | UNFIXED    |           |      | NONE             |
| U18        | col5[15]       | High Range | IO_L17N_T2_A13_D29_14        | INPUT       | LVCMOS18*   |      14 |            |      |                     |                 NONE |         | UNFIXED    |           |      | NONE             |
| V1         | col9[19]       | High Range | IO_L7N_T1_34                 | INPUT       | LVCMOS18*   |      34 |            |      |                     |                 NONE |         | UNFIXED    |           |      | NONE             |
| V2         | col9[15]       | High Range | IO_L9N_T1_DQS_34             | INPUT       | LVCMOS18*   |      34 |            |      |                     |                 NONE |         | UNFIXED    |           |      | NONE             |
| V3         |                |            | GND                          | GND         |             |         |            |      |                     |                      |     0.0 |            |           |      |                  |
| V4         | col9[13]       | High Range | IO_L10N_T1_34                | INPUT       | LVCMOS18*   |      34 |            |      |                     |                 NONE |         | UNFIXED    |           |      | NONE             |
| V5         | col9[14]       | High Range | IO_L10P_T1_34                | INPUT       | LVCMOS18*   |      34 |            |      |                     |                 NONE |         | UNFIXED    |           |      | NONE             |
| V6         | LED[9]         | High Range | IO_L20N_T3_34                | OUTPUT      | LVCMOS18*   |      34 |         12 | SLOW |                     |            FP_VTT_50 |         | UNFIXED    |           |      | NONE             |
| V7         | LED[10]        | High Range | IO_L20P_T3_34                | OUTPUT      | LVCMOS18*   |      34 |         12 | SLOW |                     |            FP_VTT_50 |         | UNFIXED    |           |      | NONE             |
| V8         |                | High Range | VCCO_34                      | VCCO        |             |      34 |            |      |                     |                      |    1.80 |            |           |      |                  |
| V9         | LED[7]         | High Range | IO_L21N_T3_DQS_34            | OUTPUT      | LVCMOS18*   |      34 |         12 | SLOW |                     |            FP_VTT_50 |         | UNFIXED    |           |      | NONE             |
| V10        | col5[8]        | High Range | IO_L21P_T3_DQS_14            | INPUT       | LVCMOS18*   |      14 |            |      |                     |                 NONE |         | UNFIXED    |           |      | NONE             |
| V11        | col5[7]        | High Range | IO_L21N_T3_DQS_A06_D22_14    | INPUT       | LVCMOS18*   |      14 |            |      |                     |                 NONE |         | UNFIXED    |           |      | NONE             |
| V12        | col5[9]        | High Range | IO_L20N_T3_A07_D23_14        | INPUT       | LVCMOS18*   |      14 |            |      |                     |                 NONE |         | UNFIXED    |           |      | NONE             |
| V13        |                |            | GND                          | GND         |             |         |            |      |                     |                      |     0.0 |            |           |      |                  |
| V14        | col5[5]        | High Range | IO_L22N_T3_A04_D20_14        | INPUT       | LVCMOS18*   |      14 |            |      |                     |                 NONE |         | UNFIXED    |           |      | NONE             |
| V15        | col5[18]       | High Range | IO_L16P_T2_CSI_B_14          | INPUT       | LVCMOS18*   |      14 |            |      |                     |                 NONE |         | UNFIXED    |           |      | NONE             |
| V16        | col5[17]       | High Range | IO_L16N_T2_A15_D31_14        | INPUT       | LVCMOS18*   |      14 |            |      |                     |                 NONE |         | UNFIXED    |           |      | NONE             |
| V17        | col5[13]       | High Range | IO_L18N_T2_A11_D27_14        | INPUT       | LVCMOS18*   |      14 |            |      |                     |                 NONE |         | UNFIXED    |           |      | NONE             |
| V18        |                | High Range | VCCO_14                      | VCCO        |             |      14 |            |      |                     |                      |    1.80 |            |           |      |                  |
+------------+----------------+------------+------------------------------+-------------+-------------+---------+------------+------+---------------------+----------------------+---------+------------+-----------+------+------------------+
* Default value
** Special VCCO requirements may apply. Please consult the device family datasheet for specific guideline on VCCO requirements.


