
*** Running vivado
    with args -log hasher_v1_0.vdi -applog -m64 -messageDb vivado.pb -mode batch -source hasher_v1_0.tcl -notrace


****** Vivado v2014.1 (64-bit)
  **** SW Build 881834 on Fri Apr  4 14:00:25 MDT 2014
  **** IP Build 877625 on Fri Mar 28 16:29:15 MDT 2014
    ** Copyright 1986-2014 Xilinx, Inc. All Rights Reserved.

source hasher_v1_0.tcl -notrace
Design is defaulting to srcset: sources_1
Design is defaulting to constrset: constrs_1
INFO: [Netlist 29-17] Analyzing 51 Unisim elements for replacement
INFO: [Netlist 29-28] Unisim Transformation completed in 0 CPU seconds
INFO: [Project 1-479] Netlist was created with Vivado 2014.1
Loading clock regions from /home/derek/Xilinx/Vivado/2014.1/data/parts/xilinx/artix7/artix7/xc7a100t/ClockRegion.xml
Loading clock buffers from /home/derek/Xilinx/Vivado/2014.1/data/parts/xilinx/artix7/artix7/xc7a100t/ClockBuffers.xml
Loading clock placement rules from /home/derek/Xilinx/Vivado/2014.1/data/parts/xilinx/artix7/ClockPlacerRules.xml
Loading package pin functions from /home/derek/Xilinx/Vivado/2014.1/data/parts/xilinx/artix7/PinFunctions.xml...
Loading package from /home/derek/Xilinx/Vivado/2014.1/data/parts/xilinx/artix7/artix7/xc7a100t/csg324/Package.xml
Loading io standards from /home/derek/Xilinx/Vivado/2014.1/data/./parts/xilinx/artix7/IOStandards.xml
Loading device configuration modes from /home/derek/Xilinx/Vivado/2014.1/data/parts/xilinx/artix7/ConfigModes.xml
INFO: [Opt 31-140] Inserted 0 IBUFs to IO ports without IO buffers.
INFO: [Opt 31-141] Inserted 0 OBUFs to IO ports without IO buffers.
INFO: [Opt 31-138] Pushed 0 inverter(s).
INFO: [Project 1-111] Unisim Transformation Summary:
No Unisim elements were transformed.

link_design: Time (s): cpu = 00:00:06 ; elapsed = 00:00:06 . Memory (MB): peak = 973.039 ; gain = 228.199
Command: opt_design
Attempting to get a license for feature 'Implementation' and/or device 'xc7a100t'
INFO: [Common 17-349] Got license for feature 'Implementation' and/or device 'xc7a100t'
Running DRC as a precondition to command opt_design

Starting DRC Task
INFO: [Drc 23-27] Running DRC with 4 threads
INFO: [Project 1-461] DRC finished with 0 Errors
INFO: [Project 1-462] Please refer to the DRC report (report_drc) for more information.

Time (s): cpu = 00:00:00.19 ; elapsed = 00:00:00.20 . Memory (MB): peak = 982.043 ; gain = 8.004

Starting Logic Optimization Task
INFO: [Timing 38-35] Done setting XDC timing constraints.

Phase 1 Retarget

INFO: [Opt 31-138] Pushed 0 inverter(s).
INFO: [Opt 31-49] Retargeted 0 cell(s).
Phase 1 Retarget | Checksum: 8ddae6a4

Time (s): cpu = 00:00:15 ; elapsed = 00:00:16 . Memory (MB): peak = 1337.473 ; gain = 355.430

Phase 2 Constant Propagation
INFO: [Opt 31-138] Pushed 0 inverter(s).
INFO: [Opt 31-10] Eliminated 0 cells.
Phase 2 Constant Propagation | Checksum: 8ddae6a4

Time (s): cpu = 00:00:15 ; elapsed = 00:00:16 . Memory (MB): peak = 1337.473 ; gain = 355.430

Phase 3 Sweep
INFO: [Opt 31-12] Eliminated 39 unconnected nets.
INFO: [Opt 31-11] Eliminated 0 unconnected cells.
Phase 3 Sweep | Checksum: 1c0e6c6d1

Time (s): cpu = 00:00:15 ; elapsed = 00:00:16 . Memory (MB): peak = 1337.473 ; gain = 355.430
Ending Logic Optimization Task | Checksum: 1c0e6c6d1

Time (s): cpu = 00:00:15 ; elapsed = 00:00:16 . Memory (MB): peak = 1337.473 ; gain = 355.430
Implement Debug Cores | Checksum: 8ddae6a4
Logic Optimization | Checksum: 8ddae6a4

Starting Power Optimization Task
Ending Power Optimization Task | Checksum: 1c0e6c6d1

Time (s): cpu = 00:00:00 ; elapsed = 00:00:00.01 . Memory (MB): peak = 1337.473 ; gain = 0.000
INFO: [Common 17-83] Releasing license: Implementation
19 Infos, 0 Warnings, 0 Critical Warnings and 0 Errors encountered.
opt_design completed successfully
opt_design: Time (s): cpu = 00:00:15 ; elapsed = 00:00:16 . Memory (MB): peak = 1337.473 ; gain = 364.434
Command: place_design
Attempting to get a license for feature 'Implementation' and/or device 'xc7a100t'
INFO: [Common 17-349] Got license for feature 'Implementation' and/or device 'xc7a100t'
Running DRC as a precondition to command place_design
INFO: [Drc 23-27] Running DRC with 4 threads
INFO: [Vivado_Tcl 4-198] DRC finished with 0 Errors
INFO: [Vivado_Tcl 4-199] Please refer to the DRC report (report_drc) for more information.

Starting Placer Task
INFO: [Place 30-611] Multithreading enabled for place_design using a maximum of 4 CPUs

Phase 1 Placer Initialization

Phase 1.1 Placer Initialization Core
Netlist sorting complete. Time (s): cpu = 00:00:00 ; elapsed = 00:00:00 . Memory (MB): peak = 1337.480 ; gain = 0.000

Phase 1.1.1 Mandatory Logic Optimization
INFO: [Opt 31-140] Inserted 0 IBUFs to IO ports without IO buffers.
INFO: [Opt 31-141] Inserted 0 OBUFs to IO ports without IO buffers.
INFO: [Opt 31-138] Pushed 0 inverter(s).
Netlist sorting complete. Time (s): cpu = 00:00:00 ; elapsed = 00:00:00.01 . Memory (MB): peak = 1337.480 ; gain = 0.000
Phase 1.1.1 Mandatory Logic Optimization | Checksum: 00000000

Time (s): cpu = 00:00:00.09 ; elapsed = 00:00:00.09 . Memory (MB): peak = 1337.480 ; gain = 0.000

Phase 1.1.2 Build Super Logic Region (SLR) Database
Phase 1.1.2 Build Super Logic Region (SLR) Database | Checksum: 00000000

Time (s): cpu = 00:00:00.12 ; elapsed = 00:00:00.12 . Memory (MB): peak = 1337.480 ; gain = 0.000

Phase 1.1.3 Add Constraints
Phase 1.1.3 Add Constraints | Checksum: 00000000

Time (s): cpu = 00:00:00.12 ; elapsed = 00:00:00.12 . Memory (MB): peak = 1337.480 ; gain = 0.000

Phase 1.1.4 Build Shapes/ HD Config

Phase 1.1.4.1 Build Macros
Phase 1.1.4.1 Build Macros | Checksum: 1804c5e9

Time (s): cpu = 00:00:00.25 ; elapsed = 00:00:00.25 . Memory (MB): peak = 1361.484 ; gain = 24.004
Phase 1.1.4 Build Shapes/ HD Config | Checksum: 1804c5e9

Time (s): cpu = 00:00:00.26 ; elapsed = 00:00:00.25 . Memory (MB): peak = 1361.484 ; gain = 24.004

Phase 1.1.5 IO Placement/ Clock Placement/ Build Placer Device

Phase 1.1.5.1 Pre-Place Cells
Phase 1.1.5.1 Pre-Place Cells | Checksum: 00000000

Time (s): cpu = 00:00:00.27 ; elapsed = 00:00:00.27 . Memory (MB): peak = 1361.484 ; gain = 24.004

Phase 1.1.5.2 Implementation Feasibility check
Phase 1.1.5.2 Implementation Feasibility check | Checksum: 00000000

Time (s): cpu = 00:00:00.61 ; elapsed = 00:00:00.40 . Memory (MB): peak = 1361.484 ; gain = 24.004
INFO: [Timing 38-35] Done setting XDC timing constraints.

Phase 1.1.5.3 Implementation Feasibility check On IDelay
Phase 1.1.5.3 Implementation Feasibility check On IDelay | Checksum: 00000000

Time (s): cpu = 00:00:02 ; elapsed = 00:00:01 . Memory (MB): peak = 1367.484 ; gain = 30.004
Phase 1.1.5 IO Placement/ Clock Placement/ Build Placer Device | Checksum: 4fa13258

Time (s): cpu = 00:00:02 ; elapsed = 00:00:01 . Memory (MB): peak = 1367.484 ; gain = 30.004

Phase 1.1.6 Build Placer Netlist Model

Phase 1.1.6.1 Place Init Design
Phase 1.1.6.1 Place Init Design | Checksum: 13cf5d629

Time (s): cpu = 00:00:02 ; elapsed = 00:00:01 . Memory (MB): peak = 1367.484 ; gain = 30.004
Phase 1.1.6 Build Placer Netlist Model | Checksum: 13cf5d629

Time (s): cpu = 00:00:02 ; elapsed = 00:00:01 . Memory (MB): peak = 1367.484 ; gain = 30.004

Phase 1.1.7 Constrain Clocks/Macros

Phase 1.1.7.1 Constrain Global/Regional Clocks
Phase 1.1.7.1 Constrain Global/Regional Clocks | Checksum: 13cf5d629

Time (s): cpu = 00:00:02 ; elapsed = 00:00:01 . Memory (MB): peak = 1367.484 ; gain = 30.004
Phase 1.1.7 Constrain Clocks/Macros | Checksum: 13cf5d629

Time (s): cpu = 00:00:02 ; elapsed = 00:00:01 . Memory (MB): peak = 1367.484 ; gain = 30.004
Phase 1.1 Placer Initialization Core | Checksum: 13cf5d629

Time (s): cpu = 00:00:02 ; elapsed = 00:00:01 . Memory (MB): peak = 1367.484 ; gain = 30.004
Phase 1 Placer Initialization | Checksum: 13cf5d629

Time (s): cpu = 00:00:02 ; elapsed = 00:00:01 . Memory (MB): peak = 1367.484 ; gain = 30.004

Phase 2 Global Placement
Phase 2 Global Placement | Checksum: 8ac38010

Time (s): cpu = 00:00:05 ; elapsed = 00:00:03 . Memory (MB): peak = 1375.484 ; gain = 38.004

Phase 3 Detail Placement

Phase 3.1 Commit Multi Column Macros
Phase 3.1 Commit Multi Column Macros | Checksum: 8ac38010

Time (s): cpu = 00:00:05 ; elapsed = 00:00:03 . Memory (MB): peak = 1375.484 ; gain = 38.004

Phase 3.2 Commit Most Macros & LUTRAMs
Phase 3.2 Commit Most Macros & LUTRAMs | Checksum: 9ef9e04e

Time (s): cpu = 00:00:05 ; elapsed = 00:00:03 . Memory (MB): peak = 1376.484 ; gain = 39.004

Phase 3.3 Area Swap Optimization
Phase 3.3 Area Swap Optimization | Checksum: 117da5f4c

Time (s): cpu = 00:00:05 ; elapsed = 00:00:03 . Memory (MB): peak = 1376.484 ; gain = 39.004

Phase 3.4 Commit Small Macros & Core Logic
Phase 3.4 Commit Small Macros & Core Logic | Checksum: 177e82968

Time (s): cpu = 00:00:05 ; elapsed = 00:00:03 . Memory (MB): peak = 1409.676 ; gain = 72.195

Phase 3.5 Re-assign LUT pins
Phase 3.5 Re-assign LUT pins | Checksum: 177e82968

Time (s): cpu = 00:00:06 ; elapsed = 00:00:03 . Memory (MB): peak = 1409.676 ; gain = 72.195
Phase 3 Detail Placement | Checksum: 177e82968

Time (s): cpu = 00:00:06 ; elapsed = 00:00:03 . Memory (MB): peak = 1409.676 ; gain = 72.195

Phase 4 Post Placement Optimization and Clean-Up

Phase 4.1 PCOPT Shape updates
Phase 4.1 PCOPT Shape updates | Checksum: 1df829e1c

Time (s): cpu = 00:00:06 ; elapsed = 00:00:03 . Memory (MB): peak = 1409.676 ; gain = 72.195

Phase 4.2 Post Placement Cleanup
Phase 4.2 Post Placement Cleanup | Checksum: 1df829e1c

Time (s): cpu = 00:00:06 ; elapsed = 00:00:03 . Memory (MB): peak = 1409.676 ; gain = 72.195

Phase 4.3 Placer Reporting
Phase 4.3 Placer Reporting | Checksum: 1df829e1c

Time (s): cpu = 00:00:06 ; elapsed = 00:00:03 . Memory (MB): peak = 1409.676 ; gain = 72.195

Phase 4.4 Final Placement Cleanup
Phase 4.4 Final Placement Cleanup | Checksum: 1bc628b8a

Time (s): cpu = 00:00:06 ; elapsed = 00:00:03 . Memory (MB): peak = 1409.676 ; gain = 72.195
Phase 4 Post Placement Optimization and Clean-Up | Checksum: 1bc628b8a

Time (s): cpu = 00:00:06 ; elapsed = 00:00:03 . Memory (MB): peak = 1409.676 ; gain = 72.195
Ending Placer Task | Checksum: 120467d05

Time (s): cpu = 00:00:06 ; elapsed = 00:00:03 . Memory (MB): peak = 1409.676 ; gain = 72.195
INFO: [Common 17-83] Releasing license: Implementation
29 Infos, 0 Warnings, 0 Critical Warnings and 0 Errors encountered.
place_design completed successfully
Writing XDEF routing.
Writing XDEF routing logical nets.
Writing XDEF routing special nets.
Write XDEF Complete: Time (s): cpu = 00:00:00.33 ; elapsed = 00:00:00.36 . Memory (MB): peak = 1417.684 ; gain = 8.004
report_utilization: Time (s): cpu = 00:00:00.18 ; elapsed = 00:00:00.23 . Memory (MB): peak = 1417.688 ; gain = 0.000
Command: route_design
Attempting to get a license for feature 'Implementation' and/or device 'xc7a100t'
INFO: [Common 17-349] Got license for feature 'Implementation' and/or device 'xc7a100t'
Running DRC as a precondition to command route_design
INFO: [Drc 23-27] Running DRC with 4 threads
INFO: [Vivado_Tcl 4-198] DRC finished with 0 Errors
INFO: [Vivado_Tcl 4-199] Please refer to the DRC report (report_drc) for more information.


Starting Routing Task
INFO: [Route 35-254] Multithreading enabled for route_design using a maximum of 4 CPUs

Starting Route Task

Phase 1 Build RT Design
Phase 1 Build RT Design | Checksum: 1032db1c4

Time (s): cpu = 00:00:36 ; elapsed = 00:00:28 . Memory (MB): peak = 1566.246 ; gain = 132.562

Phase 2 Router Initialization
INFO: [Route 35-64] No timing constraints were detected. The router will operate in resource-optimization mode.
 Number of Nodes with overlaps = 0
Phase 2 Router Initialization | Checksum: 109e768e4

Time (s): cpu = 00:00:37 ; elapsed = 00:00:29 . Memory (MB): peak = 1591.512 ; gain = 157.828

Phase 3 Initial Routing
Phase 3 Initial Routing | Checksum: 1aea0870b

Time (s): cpu = 00:00:37 ; elapsed = 00:00:29 . Memory (MB): peak = 1591.512 ; gain = 157.828

Phase 4 Rip-up And Reroute

Phase 4.1 Global Iteration 0
 Number of Nodes with overlaps = 117
 Number of Nodes with overlaps = 0
Phase 4.1 Global Iteration 0 | Checksum: be489987

Time (s): cpu = 00:00:38 ; elapsed = 00:00:29 . Memory (MB): peak = 1591.512 ; gain = 157.828
Phase 4 Rip-up And Reroute | Checksum: be489987

Time (s): cpu = 00:00:38 ; elapsed = 00:00:29 . Memory (MB): peak = 1591.512 ; gain = 157.828

Phase 5 Post Hold Fix
Phase 5 Post Hold Fix | Checksum: be489987

Time (s): cpu = 00:00:38 ; elapsed = 00:00:29 . Memory (MB): peak = 1591.512 ; gain = 157.828

Phase 6 Route finalize

Router Utilization Summary
  Global Vertical Routing Utilization    = 0.212299 %
  Global Horizontal Routing Utilization  = 0.129156 %
  Routable Net Status*
  *Does not include unroutable nets such as driverless and loadless.
  Run report_route_status for detailed report.
  Number of Failed Nets               = 0
  Number of Unrouted Nets             = 0
  Number of Partially Routed Nets     = 0
  Number of Node Overlaps             = 0

Congestion Report
North Dir 1x1 Area, Max Cong = 34.2342%, No Congested Regions.
South Dir 1x1 Area, Max Cong = 24.3243%, No Congested Regions.
East Dir 1x1 Area, Max Cong = 35.2941%, No Congested Regions.
West Dir 1x1 Area, Max Cong = 32.3529%, No Congested Regions.
Phase 6 Route finalize | Checksum: be489987

Time (s): cpu = 00:00:38 ; elapsed = 00:00:29 . Memory (MB): peak = 1591.512 ; gain = 157.828

Phase 7 Verifying routed nets

 Verification completed successfully
Phase 7 Verifying routed nets | Checksum: be489987

Time (s): cpu = 00:00:38 ; elapsed = 00:00:29 . Memory (MB): peak = 1591.512 ; gain = 157.828

Phase 8 Depositing Routes
Phase 8 Depositing Routes | Checksum: 6fcab2e1

Time (s): cpu = 00:00:38 ; elapsed = 00:00:29 . Memory (MB): peak = 1591.512 ; gain = 157.828
INFO: [Route 35-16] Router Completed Successfully
Ending Route Task | Checksum: 6fcab2e1

Time (s): cpu = 00:00:38 ; elapsed = 00:00:29 . Memory (MB): peak = 1591.512 ; gain = 157.828

Routing Is Done.

Time (s): cpu = 00:00:38 ; elapsed = 00:00:30 . Memory (MB): peak = 1591.512 ; gain = 157.828
INFO: [Common 17-83] Releasing license: Implementation
37 Infos, 0 Warnings, 0 Critical Warnings and 0 Errors encountered.
route_design completed successfully
route_design: Time (s): cpu = 00:00:39 ; elapsed = 00:00:31 . Memory (MB): peak = 1591.512 ; gain = 173.824
Writing XDEF routing.
Writing XDEF routing logical nets.
Writing XDEF routing special nets.
Write XDEF Complete: Time (s): cpu = 00:00:00.24 ; elapsed = 00:00:00.25 . Memory (MB): peak = 1591.516 ; gain = 0.000
INFO: [Drc 23-27] Running DRC with 4 threads
INFO: [Coretcl 2-168] The results of DRC are in file /home/derek/Documents/year_4/ECE532/ip_repo/hasher_1.0/hasher_v1_0_project/hasher_v1_0_project.runs/impl_1/hasher_v1_0_drc_routed.rpt.
INFO: [Timing 38-91] UpdateTimingParams: Speed grade: -1, Delay Type: min_max, Constraints type: SDC.
INFO: [Timing 38-191] Multithreading enabled for timing update using a maximum of 4 CPUs
WARNING: [Power 33-232] No user defined clocks was found in the design!
Resolution: Please specify clocks using create_clock/create_generated_clock for sequential elements. For pure combinatorial circuits, please specify a virtual clock, otherwise the vectorless estimation might be inaccurate
Running Vector-less Activity Propagation...

Finished Running Vector-less Activity Propagation
INFO: [Common 17-206] Exiting Vivado at Tue Feb  3 16:31:29 2015...
