#-----------------------------------------------------------
# Vivado v2014.1 (64-bit)
# SW Build 881834 on Fri Apr  4 14:15:54 MDT 2014
# IP Build 877625 on Fri Mar 28 16:29:15 MDT 2014
# Start of session at: Tue Mar 10 23:53:47 2015
# Process ID: 11476
# Log file: D:/Libraries/University/ECE532/Milestone4_b/IP/aicontroller/aicontroller.srcs/sources_1/aicontroller_v1_0_project/vivado.log
# Journal file: D:/Libraries/University/ECE532/Milestone4_b/IP/aicontroller/aicontroller.srcs/sources_1/aicontroller_v1_0_project\vivado.jou
#-----------------------------------------------------------
start_gui
open_project {D:\Libraries\University\ECE532\Milestone4_b\IP\aicontroller\aicontroller.srcs\sources_1\aicontroller_v1_0_project\aicontroller_v1_0_project.xpr}
INFO: [Project 1-489] The host OS only allows 260 characters in a normal path. The project is stored in a path with more than 80 characters. If you experience issues with IP, Block Designs, or files not being found, please consider moving the project to a location with a shorter path. Alternately consider using the OS subst command to map part of the path to a drive letter.
Current project path is 'D:/Libraries/University/ECE532/Milestone4_b/IP/aicontroller/aicontroller.srcs/sources_1/aicontroller_v1_0_project'
WARNING: [filemgmt 56-3] IP Repository Path: Could not find the directory 'D:/Library/Documents/ECE532/Milestone4/IP'.
WARNING: [filemgmt 56-3] IP Repository Path: Could not find the directory 'D:/Library/Documents/ECE532/Milestone4/IP'.
Scanning sources...
Finished scanning sources
reset_run synth_1
launch_runs synth_1
INFO: [HDL 9-1654] Analyzing Verilog file "D:/Libraries/University/ECE532/Milestone4_b/IP/aicontroller/aicontroller.srcs/sources_1/new/aicontroller.v" into library work [D:/Libraries/University/ECE532/Milestone4_b/IP/aicontroller/aicontroller.srcs/sources_1/new/aicontroller.v:1]
INFO: [HDL 9-1654] Analyzing Verilog file "D:/Libraries/University/ECE532/Milestone4_b/IP/aicontroller/aicontroller.srcs/sources_1/src/eval_block.v" into library work [D:/Libraries/University/ECE532/Milestone4_b/IP/aicontroller/aicontroller.srcs/sources_1/src/eval_block.v:1]
INFO: [HDL 9-1654] Analyzing Verilog file "D:/Libraries/University/ECE532/Milestone4_b/IP/aicontroller/aicontroller.srcs/sources_1/imports/new/placement.v" into library work [D:/Libraries/University/ECE532/Milestone4_b/IP/aicontroller/aicontroller.srcs/sources_1/imports/new/placement.v:1]
INFO: [HDL 9-1654] Analyzing Verilog file "D:/Libraries/University/ECE532/Milestone4_b/IP/aicontroller/aicontroller.srcs/sources_1/src/score_ten.v" into library work [D:/Libraries/University/ECE532/Milestone4_b/IP/aicontroller/aicontroller.srcs/sources_1/src/score_ten.v:1]
[Tue Mar 10 23:56:56 2015] Launched synth_1...
Run output will be captured here: D:/Libraries/University/ECE532/Milestone4_b/IP/aicontroller/aicontroller.srcs/sources_1/aicontroller_v1_0_project/aicontroller_v1_0_project.runs/synth_1/runme.log
launch_runs: Time (s): cpu = 00:00:01 ; elapsed = 00:00:12 . Memory (MB): peak = 880.027 ; gain = 7.059
synth_design -rtl -name rtl_1
Command: synth_design -rtl -name rtl_1

Starting synthesis...

Using part: xc7a100tcsg324-1
Top: aicontroller
---------------------------------------------------------------------------------
Starting RTL Elaboration : Time (s): cpu = 00:01:06 ; elapsed = 00:28:44 . Memory (MB): peak = 1108.266 ; gain = 977.402
---------------------------------------------------------------------------------
INFO: [Synth 8-638] synthesizing module 'aicontroller' [D:/Libraries/University/ECE532/Milestone4_b/IP/aicontroller/aicontroller.srcs/sources_1/new/aicontroller.v:23]
	Parameter INIT bound to: 32'sb00000000000000000000000000000000 
	Parameter DONE bound to: 4 - type: integer 
INFO: [Synth 8-638] synthesizing module 'score_ten' [D:/Libraries/University/ECE532/Milestone4_b/IP/aicontroller/aicontroller.srcs/sources_1/src/score_ten.v:23]
	Parameter INIT bound to: 32'sb00000000000000000000000000000000 
	Parameter DONE bound to: 10 - type: integer 
INFO: [Synth 8-638] synthesizing module 'placement' [D:/Libraries/University/ECE532/Milestone4_b/IP/aicontroller/aicontroller.srcs/sources_1/imports/new/placement.v:23]
	Parameter WAIT bound to: 0 - type: integer 
	Parameter INIT bound to: 32'sb00000000000000000000000000000001 
	Parameter FIRST bound to: 2 - type: integer 
	Parameter SECOND bound to: 3 - type: integer 
	Parameter THIRD bound to: 4 - type: integer 
	Parameter NXT bound to: 5 - type: integer 
	Parameter DONE bound to: 6 - type: integer 
INFO: [Synth 8-256] done synthesizing module 'placement' (1#1) [D:/Libraries/University/ECE532/Milestone4_b/IP/aicontroller/aicontroller.srcs/sources_1/imports/new/placement.v:23]
INFO: [Synth 8-638] synthesizing module 'eval_block' [D:/Libraries/University/ECE532/Milestone4_b/IP/aicontroller/aicontroller.srcs/sources_1/src/eval_block.v:25]
	Parameter WAIT bound to: 0 - type: integer 
	Parameter SHFTR bound to: 1 - type: integer 
	Parameter SHFTD bound to: 2 - type: integer 
	Parameter ADJUST bound to: 3 - type: integer 
	Parameter DONE bound to: 4 - type: integer 
INFO: [Synth 8-256] done synthesizing module 'eval_block' (2#1) [D:/Libraries/University/ECE532/Milestone4_b/IP/aicontroller/aicontroller.srcs/sources_1/src/eval_block.v:25]
WARNING: [Synth 8-350] instance 'eval_block00' of module 'eval_block' requires 17 connections, but only 15 given [D:/Libraries/University/ECE532/Milestone4_b/IP/aicontroller/aicontroller.srcs/sources_1/src/score_ten.v:73]
WARNING: [Synth 8-350] instance 'eval_block01' of module 'eval_block' requires 17 connections, but only 15 given [D:/Libraries/University/ECE532/Milestone4_b/IP/aicontroller/aicontroller.srcs/sources_1/src/score_ten.v:116]
WARNING: [Synth 8-350] instance 'eval_block02' of module 'eval_block' requires 17 connections, but only 15 given [D:/Libraries/University/ECE532/Milestone4_b/IP/aicontroller/aicontroller.srcs/sources_1/src/score_ten.v:159]
WARNING: [Synth 8-350] instance 'eval_block03' of module 'eval_block' requires 17 connections, but only 15 given [D:/Libraries/University/ECE532/Milestone4_b/IP/aicontroller/aicontroller.srcs/sources_1/src/score_ten.v:202]
WARNING: [Synth 8-350] instance 'eval_block04' of module 'eval_block' requires 17 connections, but only 15 given [D:/Libraries/University/ECE532/Milestone4_b/IP/aicontroller/aicontroller.srcs/sources_1/src/score_ten.v:245]
WARNING: [Synth 8-350] instance 'eval_block05' of module 'eval_block' requires 17 connections, but only 15 given [D:/Libraries/University/ECE532/Milestone4_b/IP/aicontroller/aicontroller.srcs/sources_1/src/score_ten.v:288]
WARNING: [Synth 8-350] instance 'eval_block06' of module 'eval_block' requires 17 connections, but only 15 given [D:/Libraries/University/ECE532/Milestone4_b/IP/aicontroller/aicontroller.srcs/sources_1/src/score_ten.v:331]
WARNING: [Synth 8-689] width (1) of port connection 'next_col0' does not match port width (4) of module 'placement' [D:/Libraries/University/ECE532/Milestone4_b/IP/aicontroller/aicontroller.srcs/sources_1/src/score_ten.v:362]
WARNING: [Synth 8-350] instance 'eval_block07' of module 'eval_block' requires 17 connections, but only 15 given [D:/Libraries/University/ECE532/Milestone4_b/IP/aicontroller/aicontroller.srcs/sources_1/src/score_ten.v:374]
WARNING: [Synth 8-689] width (1) of port connection 'next_col0' does not match port width (4) of module 'placement' [D:/Libraries/University/ECE532/Milestone4_b/IP/aicontroller/aicontroller.srcs/sources_1/src/score_ten.v:405]
WARNING: [Synth 8-689] width (1) of port connection 'next_col1' does not match port width (4) of module 'placement' [D:/Libraries/University/ECE532/Milestone4_b/IP/aicontroller/aicontroller.srcs/sources_1/src/score_ten.v:406]
WARNING: [Synth 8-350] instance 'eval_block08' of module 'eval_block' requires 17 connections, but only 15 given [D:/Libraries/University/ECE532/Milestone4_b/IP/aicontroller/aicontroller.srcs/sources_1/src/score_ten.v:417]
WARNING: [Synth 8-689] width (1) of port connection 'next_col0' does not match port width (4) of module 'placement' [D:/Libraries/University/ECE532/Milestone4_b/IP/aicontroller/aicontroller.srcs/sources_1/src/score_ten.v:448]
WARNING: [Synth 8-689] width (1) of port connection 'next_col1' does not match port width (4) of module 'placement' [D:/Libraries/University/ECE532/Milestone4_b/IP/aicontroller/aicontroller.srcs/sources_1/src/score_ten.v:449]
WARNING: [Synth 8-689] width (1) of port connection 'next_col2' does not match port width (4) of module 'placement' [D:/Libraries/University/ECE532/Milestone4_b/IP/aicontroller/aicontroller.srcs/sources_1/src/score_ten.v:450]
WARNING: [Synth 8-350] instance 'eval_block09' of module 'eval_block' requires 17 connections, but only 15 given [D:/Libraries/University/ECE532/Milestone4_b/IP/aicontroller/aicontroller.srcs/sources_1/src/score_ten.v:460]
WARNING: [Synth 8-3848] Net dummy_arr in module/entity score_ten does not have driver. [D:/Libraries/University/ECE532/Milestone4_b/IP/aicontroller/aicontroller.srcs/sources_1/src/score_ten.v:362]
INFO: [Synth 8-256] done synthesizing module 'score_ten' (3#1) [D:/Libraries/University/ECE532/Milestone4_b/IP/aicontroller/aicontroller.srcs/sources_1/src/score_ten.v:23]
INFO: [Synth 8-256] done synthesizing module 'aicontroller' (4#1) [D:/Libraries/University/ECE532/Milestone4_b/IP/aicontroller/aicontroller.srcs/sources_1/new/aicontroller.v:23]
WARNING: [Synth 8-3331] design aicontroller has unconnected port SWITCH[13]
WARNING: [Synth 8-3331] design aicontroller has unconnected port SWITCH[12]
WARNING: [Synth 8-3331] design aicontroller has unconnected port SWITCH[11]
WARNING: [Synth 8-3331] design aicontroller has unconnected port SWITCH[10]
WARNING: [Synth 8-3331] design aicontroller has unconnected port SWITCH[9]
WARNING: [Synth 8-3331] design aicontroller has unconnected port SWITCH[8]
WARNING: [Synth 8-3331] design aicontroller has unconnected port SWITCH[7]
WARNING: [Synth 8-3331] design aicontroller has unconnected port SWITCH[6]
WARNING: [Synth 8-3331] design aicontroller has unconnected port SWITCH[5]
WARNING: [Synth 8-3331] design aicontroller has unconnected port SWITCH[4]
WARNING: [Synth 8-3331] design aicontroller has unconnected port SWITCH[3]
WARNING: [Synth 8-3331] design aicontroller has unconnected port SWITCH[2]
WARNING: [Synth 8-3331] design aicontroller has unconnected port SWITCH[1]
WARNING: [Synth 8-3331] design aicontroller has unconnected port SWITCH[0]
---------------------------------------------------------------------------------
Finished RTL Elaboration : Time (s): cpu = 00:01:08 ; elapsed = 00:28:45 . Memory (MB): peak = 1155.961 ; gain = 1025.098
---------------------------------------------------------------------------------

---------------------------------------------------------------------------------
Start RTL Optimization
---------------------------------------------------------------------------------
INFO: [Common 17-41] Interrupt caught. Command should exit soon.
INFO: [Common 17-344] 'source' was cancelled
10 Infos, 31 Warnings, 0 Critical Warnings and 1 Errors encountered.
synth_design failed
INFO: [Common 17-344] 'synth_design' was cancelled
launch_xsim -simset sim_1 -mode post-synthesis -type functional
INFO: [Netlist 29-17] Analyzing 427 Unisim elements for replacement
INFO: [Netlist 29-28] Unisim Transformation completed in 0 CPU seconds
INFO: [Project 1-479] Netlist was created with Vivado 2014.1
Loading clock regions from C:/Xilinx/Vivado/2014.1/data\parts/xilinx/artix7/artix7/xc7a100t/ClockRegion.xml
Loading clock buffers from C:/Xilinx/Vivado/2014.1/data\parts/xilinx/artix7/artix7/xc7a100t/ClockBuffers.xml
Loading clock placement rules from C:/Xilinx/Vivado/2014.1/data/parts/xilinx/artix7/ClockPlacerRules.xml
Loading package pin functions from C:/Xilinx/Vivado/2014.1/data\parts/xilinx/artix7/PinFunctions.xml...
Loading package from C:/Xilinx/Vivado/2014.1/data\parts/xilinx/artix7/artix7/xc7a100t/csg324/Package.xml
Loading io standards from C:/Xilinx/Vivado/2014.1/data\./parts/xilinx/artix7/IOStandards.xml
Loading device configuration modes from C:/Xilinx/Vivado/2014.1/data\parts/xilinx/artix7/ConfigModes.xml
INFO: [Opt 31-140] Inserted 0 IBUFs to IO ports without IO buffers.
INFO: [Opt 31-141] Inserted 0 OBUFs to IO ports without IO buffers.
INFO: [Opt 31-138] Pushed 0 inverter(s).
INFO: [Vivado 12-2252] Generating simulation netlist 'D:/Libraries/University/ECE532/Milestone4_b/IP/aicontroller/aicontroller.srcs/sources_1/aicontroller_v1_0_project/aicontroller_v1_0_project.sim/sim_1/synth/func/aicontroller_tb_func_synth.v'
INFO: [Runs 36-130] *** Running xelab
    with args "-m64 --debug typical --relax -L xil_defaultlib -L unisims_ver -L secureip --snapshot aicontroller_tb_func_synth --prj D:/Libraries/University/ECE532/Milestone4_b/IP/aicontroller/aicontroller.srcs/sources_1/aicontroller_v1_0_project/aicontroller_v1_0_project.sim/sim_1/synth/func/aicontroller_tb.prj   xil_defaultlib.aicontroller_tb   xil_defaultlib.glbl"
Vivado Simulator 2014.1
Copyright 1986-1999, 2001-2014 Xilinx, Inc. All Rights Reserved.
Running: C:/Xilinx/Vivado/2014.1/bin/unwrapped/win64.o/xelab.exe --debug typical --relax -L xil_defaultlib -L unisims_ver -L secureip --snapshot aicontroller_tb_func_synth --prj D:/Libraries/University/ECE532/Milestone4_b/IP/aicontroller/aicontroller.srcs/sources_1/aicontroller_v1_0_project/aicontroller_v1_0_project.sim/sim_1/synth/func/aicontroller_tb.prj xil_defaultlib.aicontroller_tb xil_defaultlib.glbl 
Multi-threading is on. Using 2 slave threads.
Determining compilation order of HDL files.
INFO: [VRFC 10-165] Analyzing Verilog file "D:/Libraries/University/ECE532/Milestone4_b/IP/aicontroller/aicontroller.srcs/sources_1/aicontroller_v1_0_project/aicontroller_v1_0_project.sim/sim_1/synth/func/aicontroller_tb_func_synth.v" into library xil_defaultlib
INFO: [VRFC 10-311] analyzing module aicontroller
INFO: [VRFC 10-311] analyzing module eval_block
INFO: [VRFC 10-311] analyzing module eval_block_10
INFO: [VRFC 10-311] analyzing module eval_block_19
INFO: [VRFC 10-311] analyzing module eval_block_20
INFO: [VRFC 10-311] analyzing module eval_block_21
INFO: [VRFC 10-311] analyzing module eval_block_22
INFO: [VRFC 10-311] analyzing module eval_block_23
INFO: [VRFC 10-311] analyzing module eval_block_24
INFO: [VRFC 10-311] analyzing module eval_block_25
INFO: [VRFC 10-311] analyzing module eval_block_26
INFO: [VRFC 10-311] analyzing module eval_block_3
INFO: [VRFC 10-311] analyzing module eval_block_35
INFO: [VRFC 10-311] analyzing module eval_block_36
INFO: [VRFC 10-311] analyzing module eval_block_37
INFO: [VRFC 10-311] analyzing module eval_block_38
INFO: [VRFC 10-311] analyzing module eval_block_39
INFO: [VRFC 10-311] analyzing module eval_block_4
INFO: [VRFC 10-311] analyzing module eval_block_40
INFO: [VRFC 10-311] analyzing module eval_block_41
INFO: [VRFC 10-311] analyzing module eval_block_42
INFO: [VRFC 10-311] analyzing module eval_block_43
INFO: [VRFC 10-311] analyzing module eval_block_44
INFO: [VRFC 10-311] analyzing module eval_block_5
INFO: [VRFC 10-311] analyzing module eval_block_55
INFO: [VRFC 10-311] analyzing module eval_block_56
INFO: [VRFC 10-311] analyzing module eval_block_57
INFO: [VRFC 10-311] analyzing module eval_block_58
INFO: [VRFC 10-311] analyzing module eval_block_59
INFO: [VRFC 10-311] analyzing module eval_block_6
INFO: [VRFC 10-311] analyzing module eval_block_60
INFO: [VRFC 10-311] analyzing module eval_block_61
INFO: [VRFC 10-311] analyzing module eval_block_62
INFO: [VRFC 10-311] analyzing module eval_block_63
INFO: [VRFC 10-311] analyzing module eval_block_64
INFO: [VRFC 10-311] analyzing module eval_block_7
INFO: [VRFC 10-311] analyzing module eval_block_8
INFO: [VRFC 10-311] analyzing module eval_block_9
INFO: [VRFC 10-311] analyzing module placement
INFO: [VRFC 10-311] analyzing module placement_11
INFO: [VRFC 10-311] analyzing module placement_12
INFO: [VRFC 10-311] analyzing module placement_13
INFO: [VRFC 10-311] analyzing module placement_14
INFO: [VRFC 10-311] analyzing module placement_15
INFO: [VRFC 10-311] analyzing module placement_16
INFO: [VRFC 10-311] analyzing module placement_17
INFO: [VRFC 10-311] analyzing module placement_18
INFO: [VRFC 10-311] analyzing module placement_27
INFO: [VRFC 10-311] analyzing module placement_28
INFO: [VRFC 10-311] analyzing module placement_29
INFO: [VRFC 10-311] analyzing module placement_30
INFO: [VRFC 10-311] analyzing module placement_31
INFO: [VRFC 10-311] analyzing module placement_32
INFO: [VRFC 10-311] analyzing module placement_33
INFO: [VRFC 10-311] analyzing module placement_34
INFO: [VRFC 10-311] analyzing module placement_45
INFO: [VRFC 10-311] analyzing module placement_46
INFO: [VRFC 10-311] analyzing module placement_47
INFO: [VRFC 10-311] analyzing module placement_48
INFO: [VRFC 10-311] analyzing module placement_49
INFO: [VRFC 10-311] analyzing module placement_50
INFO: [VRFC 10-311] analyzing module placement_51
INFO: [VRFC 10-311] analyzing module placement_52
INFO: [VRFC 10-311] analyzing module placement_53
INFO: [VRFC 10-311] analyzing module placement_54
INFO: [VRFC 10-311] analyzing module placement_65
INFO: [VRFC 10-311] analyzing module placement_66
INFO: [VRFC 10-311] analyzing module placement_67
INFO: [VRFC 10-311] analyzing module placement_68
INFO: [VRFC 10-311] analyzing module placement_69
INFO: [VRFC 10-311] analyzing module placement_70
INFO: [VRFC 10-311] analyzing module placement_71
INFO: [VRFC 10-311] analyzing module placement_72
INFO: [VRFC 10-311] analyzing module placement_73
INFO: [VRFC 10-311] analyzing module placement_74
INFO: [VRFC 10-311] analyzing module score_ten
INFO: [VRFC 10-311] analyzing module score_ten_0
INFO: [VRFC 10-311] analyzing module score_ten_1
INFO: [VRFC 10-311] analyzing module score_ten_2
INFO: [VRFC 10-311] analyzing module glbl
INFO: [VRFC 10-165] Analyzing Verilog file "D:/Libraries/University/ECE532/Milestone4_b/IP/aicontroller/aicontroller.srcs/sources_1/aicontroller_v1_0_project/aicontroller_v1_0_project.srcs/sim_1/new/aicontroller_tb.v" into library xil_defaultlib
INFO: [VRFC 10-311] analyzing module aicontroller_tb
Starting static elaboration
Completed static elaboration
Starting simulation data flow analysis
Completed simulation data flow analysis
Time Resolution for simulation is 1ps
Compiling module unisims_ver.LUT6
Compiling module unisims_ver.x_lut3_mux4
Compiling module unisims_ver.LUT3
Compiling module unisims_ver.x_lut2_mux4
Compiling module unisims_ver.LUT2
Compiling module unisims_ver.sffsrce_fdre
Compiling module unisims_ver.FDRE
Compiling module unisims_ver.sffsrce_fdse
Compiling module unisims_ver.FDSE
Compiling module unisims_ver.OBUF
Compiling module unisims_ver.LUT5
Compiling module unisims_ver.IBUF
Compiling module unisims_ver.BUFG
Compiling module unisims_ver.LUT4
Compiling module unisims_ver.x_lut1_mux2
Compiling module unisims_ver.LUT1
Compiling module unisims_ver.CARRY4
Compiling module xil_defaultlib.eval_block_55
Compiling module xil_defaultlib.eval_block_56
Compiling module xil_defaultlib.eval_block_57
Compiling module xil_defaultlib.eval_block_58
Compiling module xil_defaultlib.eval_block_59
Compiling module xil_defaultlib.eval_block_60
Compiling module xil_defaultlib.eval_block_61
Compiling module xil_defaultlib.eval_block_62
Compiling module xil_defaultlib.eval_block_63
Compiling module xil_defaultlib.eval_block_64
Compiling module unisims_ver.MUXF7
Compiling module xil_defaultlib.placement_65
Compiling module xil_defaultlib.placement_66
Compiling module xil_defaultlib.placement_67
Compiling module xil_defaultlib.placement_68
Compiling module xil_defaultlib.placement_69
Compiling module xil_defaultlib.placement_70
Compiling module xil_defaultlib.placement_71
Compiling module xil_defaultlib.placement_72
Compiling module xil_defaultlib.placement_73
Compiling module xil_defaultlib.placement_74
Compiling module unisims_ver.DSP48E1(ADREG=0,ALUMODEREG=0,BCA...
Compiling module unisims_ver.DSP48E1(ACASCREG=0,ADREG=0,ALUMO...
Compiling module unisims_ver.DSP48E1(ACASCREG=0,ADREG=0,ALUMO...
Compiling module xil_defaultlib.score_ten
Compiling module xil_defaultlib.eval_block_35
Compiling module xil_defaultlib.eval_block_36
Compiling module xil_defaultlib.eval_block_37
Compiling module xil_defaultlib.eval_block_38
Compiling module xil_defaultlib.eval_block_39
Compiling module xil_defaultlib.eval_block_40
Compiling module xil_defaultlib.eval_block_41
Compiling module xil_defaultlib.eval_block_42
Compiling module xil_defaultlib.eval_block_43
Compiling module xil_defaultlib.eval_block_44
Compiling module xil_defaultlib.placement_45
Compiling module xil_defaultlib.placement_46
Compiling module xil_defaultlib.placement_47
Compiling module xil_defaultlib.placement_48
Compiling module xil_defaultlib.placement_49
Compiling module xil_defaultlib.placement_50
Compiling module xil_defaultlib.placement_51
Compiling module xil_defaultlib.placement_52
Compiling module xil_defaultlib.placement_53
Compiling module xil_defaultlib.placement_54
Compiling module xil_defaultlib.score_ten_0
Compiling module xil_defaultlib.eval_block_19
Compiling module xil_defaultlib.eval_block_20
Compiling module xil_defaultlib.eval_block_21
Compiling module xil_defaultlib.eval_block_22
Compiling module xil_defaultlib.eval_block_23
Compiling module xil_defaultlib.eval_block_24
Compiling module xil_defaultlib.eval_block_25
Compiling module xil_defaultlib.eval_block_26
Compiling module xil_defaultlib.placement_27
Compiling module xil_defaultlib.placement_28
Compiling module xil_defaultlib.placement_29
Compiling module xil_defaultlib.placement_30
Compiling module xil_defaultlib.placement_31
Compiling module xil_defaultlib.placement_32
Compiling module xil_defaultlib.placement_33
Compiling module xil_defaultlib.placement_34
Compiling module xil_defaultlib.score_ten_1
Compiling module xil_defaultlib.eval_block
Compiling module xil_defaultlib.eval_block_3
Compiling module xil_defaultlib.eval_block_4
Compiling module xil_defaultlib.eval_block_5
Compiling module xil_defaultlib.eval_block_6
Compiling module xil_defaultlib.eval_block_7
Compiling module xil_defaultlib.eval_block_8
Compiling module xil_defaultlib.eval_block_9
Compiling module xil_defaultlib.eval_block_10
Compiling module xil_defaultlib.placement
Compiling module xil_defaultlib.placement_11
Compiling module xil_defaultlib.placement_12
Compiling module xil_defaultlib.placement_13
Compiling module xil_defaultlib.placement_14
Compiling module xil_defaultlib.placement_15
Compiling module xil_defaultlib.placement_16
Compiling module xil_defaultlib.placement_17
Compiling module xil_defaultlib.placement_18
Compiling module xil_defaultlib.score_ten_2
Compiling module xil_defaultlib.aicontroller
Compiling module xil_defaultlib.aicontroller_tb
Compiling module xil_defaultlib.glbl
Waiting for 30 sub-compilation(s) to finish...
Built simulation snapshot aicontroller_tb_func_synth
INFO: [Runs 36-26] xelab completed.
INFO: [Vivado 12-1390] *** Running xsim
    with args "aicontroller_tb_func_synth -key {Post-Synthesis:sim_1:Functional:aicontroller_tb} -tclbatch {aicontroller_tb.tcl} -log {aicontroller_tb_func_synth.log}"
Vivado Simulator 2014.1
Time resolution is 1 ps
run: Time (s): cpu = 00:00:01 ; elapsed = 00:00:06 . Memory (MB): peak = 1553.406 ; gain = 0.000
xsim: Time (s): cpu = 00:00:04 ; elapsed = 00:00:30 . Memory (MB): peak = 1553.406 ; gain = 0.000
INFO: [Vivado 12-1395] XSim completed. Design snapshot 'aicontroller_tb_func_synth' loaded.
launch_xsim: Time (s): cpu = 00:00:36 ; elapsed = 00:05:38 . Memory (MB): peak = 1553.406 ; gain = 383.766
save_wave_config {D:/Libraries/University/ECE532/Milestone4_b/IP/aicontroller/aicontroller.srcs/sources_1/aicontroller_v1_0_project\aicontroller_tb_func_synth.wcfg}
restart
INFO: [Simtcl 6-17] Simulation restarted
run 1 us
run: Time (s): cpu = 00:00:00 ; elapsed = 00:00:05 . Memory (MB): peak = 1724.598 ; gain = 0.000
save_wave_config {D:/Libraries/University/ECE532/Milestone4_b/IP/aicontroller/aicontroller.srcs/sources_1/aicontroller_v1_0_project\aicontroller_tb_func_synth.wcfg}
INFO: [Simtcl 6-16] Simulation closed
launch_xsim -simset sim_1 -mode post-synthesis -type functional
INFO: [Netlist 29-17] Analyzing 427 Unisim elements for replacement
INFO: [Netlist 29-28] Unisim Transformation completed in 0 CPU seconds
INFO: [Project 1-479] Netlist was created with Vivado 2014.1
INFO: [Opt 31-140] Inserted 0 IBUFs to IO ports without IO buffers.
INFO: [Opt 31-141] Inserted 0 OBUFs to IO ports without IO buffers.
INFO: [Opt 31-138] Pushed 0 inverter(s).
INFO: [Vivado 12-2252] Generating simulation netlist 'D:/Libraries/University/ECE532/Milestone4_b/IP/aicontroller/aicontroller.srcs/sources_1/aicontroller_v1_0_project/aicontroller_v1_0_project.sim/sim_1/synth/func/aicontroller_tb_func_synth.v'
INFO: [Runs 36-130] *** Running xelab
    with args "-m64 --debug typical --relax -L xil_defaultlib -L unisims_ver -L secureip --snapshot aicontroller_tb_func_synth --prj D:/Libraries/University/ECE532/Milestone4_b/IP/aicontroller/aicontroller.srcs/sources_1/aicontroller_v1_0_project/aicontroller_v1_0_project.sim/sim_1/synth/func/aicontroller_tb.prj   xil_defaultlib.aicontroller_tb   xil_defaultlib.glbl"
Vivado Simulator 2014.1
Copyright 1986-1999, 2001-2014 Xilinx, Inc. All Rights Reserved.
Running: C:/Xilinx/Vivado/2014.1/bin/unwrapped/win64.o/xelab.exe --debug typical --relax -L xil_defaultlib -L unisims_ver -L secureip --snapshot aicontroller_tb_func_synth --prj D:/Libraries/University/ECE532/Milestone4_b/IP/aicontroller/aicontroller.srcs/sources_1/aicontroller_v1_0_project/aicontroller_v1_0_project.sim/sim_1/synth/func/aicontroller_tb.prj xil_defaultlib.aicontroller_tb xil_defaultlib.glbl 
Multi-threading is on. Using 2 slave threads.
Determining compilation order of HDL files.
INFO: [VRFC 10-165] Analyzing Verilog file "D:/Libraries/University/ECE532/Milestone4_b/IP/aicontroller/aicontroller.srcs/sources_1/aicontroller_v1_0_project/aicontroller_v1_0_project.sim/sim_1/synth/func/aicontroller_tb_func_synth.v" into library xil_defaultlib
INFO: [VRFC 10-311] analyzing module aicontroller
INFO: [VRFC 10-311] analyzing module eval_block
INFO: [VRFC 10-311] analyzing module eval_block_10
INFO: [VRFC 10-311] analyzing module eval_block_19
INFO: [VRFC 10-311] analyzing module eval_block_20
INFO: [VRFC 10-311] analyzing module eval_block_21
INFO: [VRFC 10-311] analyzing module eval_block_22
INFO: [VRFC 10-311] analyzing module eval_block_23
INFO: [VRFC 10-311] analyzing module eval_block_24
INFO: [VRFC 10-311] analyzing module eval_block_25
INFO: [VRFC 10-311] analyzing module eval_block_26
INFO: [VRFC 10-311] analyzing module eval_block_3
INFO: [VRFC 10-311] analyzing module eval_block_35
INFO: [VRFC 10-311] analyzing module eval_block_36
INFO: [VRFC 10-311] analyzing module eval_block_37
INFO: [VRFC 10-311] analyzing module eval_block_38
INFO: [VRFC 10-311] analyzing module eval_block_39
INFO: [VRFC 10-311] analyzing module eval_block_4
INFO: [VRFC 10-311] analyzing module eval_block_40
INFO: [VRFC 10-311] analyzing module eval_block_41
INFO: [VRFC 10-311] analyzing module eval_block_42
INFO: [VRFC 10-311] analyzing module eval_block_43
INFO: [VRFC 10-311] analyzing module eval_block_44
INFO: [VRFC 10-311] analyzing module eval_block_5
INFO: [VRFC 10-311] analyzing module eval_block_55
INFO: [VRFC 10-311] analyzing module eval_block_56
INFO: [VRFC 10-311] analyzing module eval_block_57
INFO: [VRFC 10-311] analyzing module eval_block_58
INFO: [VRFC 10-311] analyzing module eval_block_59
INFO: [VRFC 10-311] analyzing module eval_block_6
INFO: [VRFC 10-311] analyzing module eval_block_60
INFO: [VRFC 10-311] analyzing module eval_block_61
INFO: [VRFC 10-311] analyzing module eval_block_62
INFO: [VRFC 10-311] analyzing module eval_block_63
INFO: [VRFC 10-311] analyzing module eval_block_64
INFO: [VRFC 10-311] analyzing module eval_block_7
INFO: [VRFC 10-311] analyzing module eval_block_8
INFO: [VRFC 10-311] analyzing module eval_block_9
INFO: [VRFC 10-311] analyzing module placement
INFO: [VRFC 10-311] analyzing module placement_11
INFO: [VRFC 10-311] analyzing module placement_12
INFO: [VRFC 10-311] analyzing module placement_13
INFO: [VRFC 10-311] analyzing module placement_14
INFO: [VRFC 10-311] analyzing module placement_15
INFO: [VRFC 10-311] analyzing module placement_16
INFO: [VRFC 10-311] analyzing module placement_17
INFO: [VRFC 10-311] analyzing module placement_18
INFO: [VRFC 10-311] analyzing module placement_27
INFO: [VRFC 10-311] analyzing module placement_28
INFO: [VRFC 10-311] analyzing module placement_29
INFO: [VRFC 10-311] analyzing module placement_30
INFO: [VRFC 10-311] analyzing module placement_31
INFO: [VRFC 10-311] analyzing module placement_32
INFO: [VRFC 10-311] analyzing module placement_33
INFO: [VRFC 10-311] analyzing module placement_34
INFO: [VRFC 10-311] analyzing module placement_45
INFO: [VRFC 10-311] analyzing module placement_46
INFO: [VRFC 10-311] analyzing module placement_47
INFO: [VRFC 10-311] analyzing module placement_48
INFO: [VRFC 10-311] analyzing module placement_49
INFO: [VRFC 10-311] analyzing module placement_50
INFO: [VRFC 10-311] analyzing module placement_51
INFO: [VRFC 10-311] analyzing module placement_52
INFO: [VRFC 10-311] analyzing module placement_53
INFO: [VRFC 10-311] analyzing module placement_54
INFO: [VRFC 10-311] analyzing module placement_65
INFO: [VRFC 10-311] analyzing module placement_66
INFO: [VRFC 10-311] analyzing module placement_67
INFO: [VRFC 10-311] analyzing module placement_68
INFO: [VRFC 10-311] analyzing module placement_69
INFO: [VRFC 10-311] analyzing module placement_70
INFO: [VRFC 10-311] analyzing module placement_71
INFO: [VRFC 10-311] analyzing module placement_72
INFO: [VRFC 10-311] analyzing module placement_73
INFO: [VRFC 10-311] analyzing module placement_74
INFO: [VRFC 10-311] analyzing module score_ten
INFO: [VRFC 10-311] analyzing module score_ten_0
INFO: [VRFC 10-311] analyzing module score_ten_1
INFO: [VRFC 10-311] analyzing module score_ten_2
INFO: [VRFC 10-311] analyzing module glbl
INFO: [VRFC 10-165] Analyzing Verilog file "D:/Libraries/University/ECE532/Milestone4_b/IP/aicontroller/aicontroller.srcs/sources_1/aicontroller_v1_0_project/aicontroller_v1_0_project.srcs/sim_1/new/aicontroller_tb.v" into library xil_defaultlib
INFO: [VRFC 10-311] analyzing module aicontroller_tb
Starting static elaboration
Completed static elaboration
Starting simulation data flow analysis
Completed simulation data flow analysis
Time Resolution for simulation is 1ps
Compiling module unisims_ver.LUT6
Compiling module unisims_ver.x_lut3_mux4
Compiling module unisims_ver.LUT3
Compiling module unisims_ver.x_lut2_mux4
Compiling module unisims_ver.LUT2
Compiling module unisims_ver.sffsrce_fdre
Compiling module unisims_ver.FDRE
Compiling module unisims_ver.sffsrce_fdse
Compiling module unisims_ver.FDSE
Compiling module unisims_ver.OBUF
Compiling module unisims_ver.LUT5
Compiling module unisims_ver.IBUF
Compiling module unisims_ver.BUFG
Compiling module unisims_ver.LUT4
Compiling module unisims_ver.x_lut1_mux2
Compiling module unisims_ver.LUT1
Compiling module unisims_ver.CARRY4
Compiling module xil_defaultlib.eval_block_55
Compiling module xil_defaultlib.eval_block_56
Compiling module xil_defaultlib.eval_block_57
Compiling module xil_defaultlib.eval_block_58
Compiling module xil_defaultlib.eval_block_59
Compiling module xil_defaultlib.eval_block_60
Compiling module xil_defaultlib.eval_block_61
Compiling module xil_defaultlib.eval_block_62
Compiling module xil_defaultlib.eval_block_63
Compiling module xil_defaultlib.eval_block_64
Compiling module unisims_ver.MUXF7
Compiling module xil_defaultlib.placement_65
Compiling module xil_defaultlib.placement_66
Compiling module xil_defaultlib.placement_67
Compiling module xil_defaultlib.placement_68
Compiling module xil_defaultlib.placement_69
Compiling module xil_defaultlib.placement_70
Compiling module xil_defaultlib.placement_71
Compiling module xil_defaultlib.placement_72
Compiling module xil_defaultlib.placement_73
Compiling module xil_defaultlib.placement_74
Compiling module unisims_ver.DSP48E1(ADREG=0,ALUMODEREG=0,BCA...
Compiling module unisims_ver.DSP48E1(ACASCREG=0,ADREG=0,ALUMO...
Compiling module unisims_ver.DSP48E1(ACASCREG=0,ADREG=0,ALUMO...
Compiling module xil_defaultlib.score_ten
Compiling module xil_defaultlib.eval_block_35
Compiling module xil_defaultlib.eval_block_36
Compiling module xil_defaultlib.eval_block_37
Compiling module xil_defaultlib.eval_block_38
Compiling module xil_defaultlib.eval_block_39
Compiling module xil_defaultlib.eval_block_40
Compiling module xil_defaultlib.eval_block_41
Compiling module xil_defaultlib.eval_block_42
Compiling module xil_defaultlib.eval_block_43
Compiling module xil_defaultlib.eval_block_44
Compiling module xil_defaultlib.placement_45
Compiling module xil_defaultlib.placement_46
Compiling module xil_defaultlib.placement_47
Compiling module xil_defaultlib.placement_48
Compiling module xil_defaultlib.placement_49
Compiling module xil_defaultlib.placement_50
Compiling module xil_defaultlib.placement_51
Compiling module xil_defaultlib.placement_52
Compiling module xil_defaultlib.placement_53
Compiling module xil_defaultlib.placement_54
Compiling module xil_defaultlib.score_ten_0
Compiling module xil_defaultlib.eval_block_19
Compiling module xil_defaultlib.eval_block_20
Compiling module xil_defaultlib.eval_block_21
Compiling module xil_defaultlib.eval_block_22
Compiling module xil_defaultlib.eval_block_23
Compiling module xil_defaultlib.eval_block_24
Compiling module xil_defaultlib.eval_block_25
Compiling module xil_defaultlib.eval_block_26
Compiling module xil_defaultlib.placement_27
Compiling module xil_defaultlib.placement_28
Compiling module xil_defaultlib.placement_29
Compiling module xil_defaultlib.placement_30
Compiling module xil_defaultlib.placement_31
Compiling module xil_defaultlib.placement_32
Compiling module xil_defaultlib.placement_33
Compiling module xil_defaultlib.placement_34
Compiling module xil_defaultlib.score_ten_1
Compiling module xil_defaultlib.eval_block
Compiling module xil_defaultlib.eval_block_3
Compiling module xil_defaultlib.eval_block_4
Compiling module xil_defaultlib.eval_block_5
Compiling module xil_defaultlib.eval_block_6
Compiling module xil_defaultlib.eval_block_7
Compiling module xil_defaultlib.eval_block_8
Compiling module xil_defaultlib.eval_block_9
Compiling module xil_defaultlib.eval_block_10
Compiling module xil_defaultlib.placement
Compiling module xil_defaultlib.placement_11
Compiling module xil_defaultlib.placement_12
Compiling module xil_defaultlib.placement_13
Compiling module xil_defaultlib.placement_14
Compiling module xil_defaultlib.placement_15
Compiling module xil_defaultlib.placement_16
Compiling module xil_defaultlib.placement_17
Compiling module xil_defaultlib.placement_18
Compiling module xil_defaultlib.score_ten_2
Compiling module xil_defaultlib.aicontroller
Compiling module xil_defaultlib.aicontroller_tb
Compiling module xil_defaultlib.glbl
Waiting for 34 sub-compilation(s) to finish...
Built simulation snapshot aicontroller_tb_func_synth
INFO: [Runs 36-26] xelab completed.
INFO: [Vivado 12-1390] *** Running xsim
    with args "aicontroller_tb_func_synth -key {Post-Synthesis:sim_1:Functional:aicontroller_tb} -tclbatch {aicontroller_tb.tcl} -log {aicontroller_tb_func_synth.log}"
Vivado Simulator 2014.1
Time resolution is 1 ps
run: Time (s): cpu = 00:00:00 ; elapsed = 00:00:06 . Memory (MB): peak = 1942.648 ; gain = 0.000
xsim: Time (s): cpu = 00:00:02 ; elapsed = 00:00:29 . Memory (MB): peak = 1942.648 ; gain = 0.000
INFO: [Vivado 12-1395] XSim completed. Design snapshot 'aicontroller_tb_func_synth' loaded.
launch_xsim: Time (s): cpu = 00:00:29 ; elapsed = 00:04:16 . Memory (MB): peak = 1942.648 ; gain = 193.559
INFO: [Simtcl 6-16] Simulation closed
launch_xsim -simset sim_1 -mode post-synthesis -type functional
INFO: [Netlist 29-17] Analyzing 427 Unisim elements for replacement
INFO: [Netlist 29-28] Unisim Transformation completed in 0 CPU seconds
INFO: [Project 1-479] Netlist was created with Vivado 2014.1
INFO: [Opt 31-140] Inserted 0 IBUFs to IO ports without IO buffers.
INFO: [Opt 31-141] Inserted 0 OBUFs to IO ports without IO buffers.
INFO: [Opt 31-138] Pushed 0 inverter(s).
INFO: [Vivado 12-2252] Generating simulation netlist 'D:/Libraries/University/ECE532/Milestone4_b/IP/aicontroller/aicontroller.srcs/sources_1/aicontroller_v1_0_project/aicontroller_v1_0_project.sim/sim_1/synth/func/aicontroller_tb_func_synth.v'
INFO: [Runs 36-130] *** Running xelab
    with args "-m64 --debug typical --relax -L xil_defaultlib -L unisims_ver -L secureip --snapshot aicontroller_tb_func_synth --prj D:/Libraries/University/ECE532/Milestone4_b/IP/aicontroller/aicontroller.srcs/sources_1/aicontroller_v1_0_project/aicontroller_v1_0_project.sim/sim_1/synth/func/aicontroller_tb.prj   xil_defaultlib.aicontroller_tb   xil_defaultlib.glbl"
Vivado Simulator 2014.1
Copyright 1986-1999, 2001-2014 Xilinx, Inc. All Rights Reserved.
Running: C:/Xilinx/Vivado/2014.1/bin/unwrapped/win64.o/xelab.exe --debug typical --relax -L xil_defaultlib -L unisims_ver -L secureip --snapshot aicontroller_tb_func_synth --prj D:/Libraries/University/ECE532/Milestone4_b/IP/aicontroller/aicontroller.srcs/sources_1/aicontroller_v1_0_project/aicontroller_v1_0_project.sim/sim_1/synth/func/aicontroller_tb.prj xil_defaultlib.aicontroller_tb xil_defaultlib.glbl 
Multi-threading is on. Using 2 slave threads.
Determining compilation order of HDL files.
INFO: [VRFC 10-165] Analyzing Verilog file "D:/Libraries/University/ECE532/Milestone4_b/IP/aicontroller/aicontroller.srcs/sources_1/aicontroller_v1_0_project/aicontroller_v1_0_project.sim/sim_1/synth/func/aicontroller_tb_func_synth.v" into library xil_defaultlib
INFO: [VRFC 10-311] analyzing module aicontroller
INFO: [VRFC 10-311] analyzing module eval_block
INFO: [VRFC 10-311] analyzing module eval_block_10
INFO: [VRFC 10-311] analyzing module eval_block_19
INFO: [VRFC 10-311] analyzing module eval_block_20
INFO: [VRFC 10-311] analyzing module eval_block_21
INFO: [VRFC 10-311] analyzing module eval_block_22
INFO: [VRFC 10-311] analyzing module eval_block_23
INFO: [VRFC 10-311] analyzing module eval_block_24
INFO: [VRFC 10-311] analyzing module eval_block_25
INFO: [VRFC 10-311] analyzing module eval_block_26
INFO: [VRFC 10-311] analyzing module eval_block_3
INFO: [VRFC 10-311] analyzing module eval_block_35
INFO: [VRFC 10-311] analyzing module eval_block_36
INFO: [VRFC 10-311] analyzing module eval_block_37
INFO: [VRFC 10-311] analyzing module eval_block_38
INFO: [VRFC 10-311] analyzing module eval_block_39
INFO: [VRFC 10-311] analyzing module eval_block_4
INFO: [VRFC 10-311] analyzing module eval_block_40
INFO: [VRFC 10-311] analyzing module eval_block_41
INFO: [VRFC 10-311] analyzing module eval_block_42
INFO: [VRFC 10-311] analyzing module eval_block_43
INFO: [VRFC 10-311] analyzing module eval_block_44
INFO: [VRFC 10-311] analyzing module eval_block_5
INFO: [VRFC 10-311] analyzing module eval_block_55
INFO: [VRFC 10-311] analyzing module eval_block_56
INFO: [VRFC 10-311] analyzing module eval_block_57
INFO: [VRFC 10-311] analyzing module eval_block_58
INFO: [VRFC 10-311] analyzing module eval_block_59
INFO: [VRFC 10-311] analyzing module eval_block_6
INFO: [VRFC 10-311] analyzing module eval_block_60
INFO: [VRFC 10-311] analyzing module eval_block_61
INFO: [VRFC 10-311] analyzing module eval_block_62
INFO: [VRFC 10-311] analyzing module eval_block_63
INFO: [VRFC 10-311] analyzing module eval_block_64
INFO: [VRFC 10-311] analyzing module eval_block_7
INFO: [VRFC 10-311] analyzing module eval_block_8
INFO: [VRFC 10-311] analyzing module eval_block_9
INFO: [VRFC 10-311] analyzing module placement
INFO: [VRFC 10-311] analyzing module placement_11
INFO: [VRFC 10-311] analyzing module placement_12
INFO: [VRFC 10-311] analyzing module placement_13
INFO: [VRFC 10-311] analyzing module placement_14
INFO: [VRFC 10-311] analyzing module placement_15
INFO: [VRFC 10-311] analyzing module placement_16
INFO: [VRFC 10-311] analyzing module placement_17
INFO: [VRFC 10-311] analyzing module placement_18
INFO: [VRFC 10-311] analyzing module placement_27
INFO: [VRFC 10-311] analyzing module placement_28
INFO: [VRFC 10-311] analyzing module placement_29
INFO: [VRFC 10-311] analyzing module placement_30
INFO: [VRFC 10-311] analyzing module placement_31
INFO: [VRFC 10-311] analyzing module placement_32
INFO: [VRFC 10-311] analyzing module placement_33
INFO: [VRFC 10-311] analyzing module placement_34
INFO: [VRFC 10-311] analyzing module placement_45
INFO: [VRFC 10-311] analyzing module placement_46
INFO: [VRFC 10-311] analyzing module placement_47
INFO: [VRFC 10-311] analyzing module placement_48
INFO: [VRFC 10-311] analyzing module placement_49
INFO: [VRFC 10-311] analyzing module placement_50
INFO: [VRFC 10-311] analyzing module placement_51
INFO: [VRFC 10-311] analyzing module placement_52
INFO: [VRFC 10-311] analyzing module placement_53
INFO: [VRFC 10-311] analyzing module placement_54
INFO: [VRFC 10-311] analyzing module placement_65
INFO: [VRFC 10-311] analyzing module placement_66
INFO: [VRFC 10-311] analyzing module placement_67
INFO: [VRFC 10-311] analyzing module placement_68
INFO: [VRFC 10-311] analyzing module placement_69
INFO: [VRFC 10-311] analyzing module placement_70
INFO: [VRFC 10-311] analyzing module placement_71
INFO: [VRFC 10-311] analyzing module placement_72
INFO: [VRFC 10-311] analyzing module placement_73
INFO: [VRFC 10-311] analyzing module placement_74
INFO: [VRFC 10-311] analyzing module score_ten
INFO: [VRFC 10-311] analyzing module score_ten_0
INFO: [VRFC 10-311] analyzing module score_ten_1
INFO: [VRFC 10-311] analyzing module score_ten_2
INFO: [VRFC 10-311] analyzing module glbl
INFO: [VRFC 10-165] Analyzing Verilog file "D:/Libraries/University/ECE532/Milestone4_b/IP/aicontroller/aicontroller.srcs/sources_1/aicontroller_v1_0_project/aicontroller_v1_0_project.srcs/sim_1/new/aicontroller_tb.v" into library xil_defaultlib
INFO: [VRFC 10-311] analyzing module aicontroller_tb
Starting static elaboration
Completed static elaboration
Starting simulation data flow analysis
Completed simulation data flow analysis
Time Resolution for simulation is 1ps
Compiling module unisims_ver.LUT6
Compiling module unisims_ver.x_lut3_mux4
Compiling module unisims_ver.LUT3
Compiling module unisims_ver.x_lut2_mux4
Compiling module unisims_ver.LUT2
Compiling module unisims_ver.sffsrce_fdre
Compiling module unisims_ver.FDRE
Compiling module unisims_ver.sffsrce_fdse
Compiling module unisims_ver.FDSE
Compiling module unisims_ver.OBUF
Compiling module unisims_ver.LUT5
Compiling module unisims_ver.IBUF
Compiling module unisims_ver.BUFG
Compiling module unisims_ver.LUT4
Compiling module unisims_ver.x_lut1_mux2
Compiling module unisims_ver.LUT1
Compiling module unisims_ver.CARRY4
Compiling module xil_defaultlib.eval_block_55
Compiling module xil_defaultlib.eval_block_56
Compiling module xil_defaultlib.eval_block_57
Compiling module xil_defaultlib.eval_block_58
Compiling module xil_defaultlib.eval_block_59
Compiling module xil_defaultlib.eval_block_60
Compiling module xil_defaultlib.eval_block_61
Compiling module xil_defaultlib.eval_block_62
Compiling module xil_defaultlib.eval_block_63
Compiling module xil_defaultlib.eval_block_64
Compiling module unisims_ver.MUXF7
Compiling module xil_defaultlib.placement_65
Compiling module xil_defaultlib.placement_66
Compiling module xil_defaultlib.placement_67
Compiling module xil_defaultlib.placement_68
Compiling module xil_defaultlib.placement_69
Compiling module xil_defaultlib.placement_70
Compiling module xil_defaultlib.placement_71
Compiling module xil_defaultlib.placement_72
Compiling module xil_defaultlib.placement_73
Compiling module xil_defaultlib.placement_74
Compiling module unisims_ver.DSP48E1(ADREG=0,ALUMODEREG=0,BCA...
Compiling module unisims_ver.DSP48E1(ACASCREG=0,ADREG=0,ALUMO...
Compiling module unisims_ver.DSP48E1(ACASCREG=0,ADREG=0,ALUMO...
Compiling module xil_defaultlib.score_ten
Compiling module xil_defaultlib.eval_block_35
Compiling module xil_defaultlib.eval_block_36
Compiling module xil_defaultlib.eval_block_37
Compiling module xil_defaultlib.eval_block_38
Compiling module xil_defaultlib.eval_block_39
Compiling module xil_defaultlib.eval_block_40
Compiling module xil_defaultlib.eval_block_41
Compiling module xil_defaultlib.eval_block_42
Compiling module xil_defaultlib.eval_block_43
Compiling module xil_defaultlib.eval_block_44
Compiling module xil_defaultlib.placement_45
Compiling module xil_defaultlib.placement_46
Compiling module xil_defaultlib.placement_47
Compiling module xil_defaultlib.placement_48
Compiling module xil_defaultlib.placement_49
Compiling module xil_defaultlib.placement_50
Compiling module xil_defaultlib.placement_51
Compiling module xil_defaultlib.placement_52
Compiling module xil_defaultlib.placement_53
Compiling module xil_defaultlib.placement_54
Compiling module xil_defaultlib.score_ten_0
Compiling module xil_defaultlib.eval_block_19
Compiling module xil_defaultlib.eval_block_20
Compiling module xil_defaultlib.eval_block_21
Compiling module xil_defaultlib.eval_block_22
Compiling module xil_defaultlib.eval_block_23
Compiling module xil_defaultlib.eval_block_24
Compiling module xil_defaultlib.eval_block_25
Compiling module xil_defaultlib.eval_block_26
Compiling module xil_defaultlib.placement_27
Compiling module xil_defaultlib.placement_28
Compiling module xil_defaultlib.placement_29
Compiling module xil_defaultlib.placement_30
Compiling module xil_defaultlib.placement_31
Compiling module xil_defaultlib.placement_32
Compiling module xil_defaultlib.placement_33
Compiling module xil_defaultlib.placement_34
Compiling module xil_defaultlib.score_ten_1
Compiling module xil_defaultlib.eval_block
Compiling module xil_defaultlib.eval_block_3
Compiling module xil_defaultlib.eval_block_4
Compiling module xil_defaultlib.eval_block_5
Compiling module xil_defaultlib.eval_block_6
Compiling module xil_defaultlib.eval_block_7
Compiling module xil_defaultlib.eval_block_8
Compiling module xil_defaultlib.eval_block_9
Compiling module xil_defaultlib.eval_block_10
Compiling module xil_defaultlib.placement
Compiling module xil_defaultlib.placement_11
Compiling module xil_defaultlib.placement_12
Compiling module xil_defaultlib.placement_13
Compiling module xil_defaultlib.placement_14
Compiling module xil_defaultlib.placement_15
Compiling module xil_defaultlib.placement_16
Compiling module xil_defaultlib.placement_17
Compiling module xil_defaultlib.placement_18
Compiling module xil_defaultlib.score_ten_2
Compiling module xil_defaultlib.aicontroller
Compiling module xil_defaultlib.aicontroller_tb
Compiling module xil_defaultlib.glbl
Waiting for 34 sub-compilation(s) to finish...
Built simulation snapshot aicontroller_tb_func_synth
INFO: [Runs 36-26] xelab completed.
INFO: [Vivado 12-1390] *** Running xsim
    with args "aicontroller_tb_func_synth -key {Post-Synthesis:sim_1:Functional:aicontroller_tb} -tclbatch {aicontroller_tb.tcl} -log {aicontroller_tb_func_synth.log}"
Vivado Simulator 2014.1
Time resolution is 1 ps
run: Time (s): cpu = 00:00:01 ; elapsed = 00:00:05 . Memory (MB): peak = 1975.480 ; gain = 0.000
xsim: Time (s): cpu = 00:00:03 ; elapsed = 00:00:31 . Memory (MB): peak = 1975.480 ; gain = 0.000
INFO: [Vivado 12-1395] XSim completed. Design snapshot 'aicontroller_tb_func_synth' loaded.
launch_xsim: Time (s): cpu = 00:00:30 ; elapsed = 00:04:10 . Memory (MB): peak = 1975.480 ; gain = 32.832
restart
INFO: [Simtcl 6-17] Simulation restarted
run 1 us
save_wave_config {D:/Libraries/University/ECE532/Milestone4_b/IP/aicontroller/aicontroller.srcs/sources_1/aicontroller_v1_0_project\aicontroller_tb_func_synth.wcfg}
close_sim
INFO: [Simtcl 6-16] Simulation closed
close_project
exit
INFO: [Common 17-206] Exiting Vivado at Wed Mar 11 02:10:09 2015...
